2025-05-17 00:27:37.599 [main] INFO  c.a.n.client.logging.NacosLogging - Nacos Logging Adapter Builder: com.alibaba.nacos.logger.adapter.logback12.LogbackNacosLoggingAdapterBuilder
2025-05-17 00:27:37.618 [main] INFO  c.a.n.client.logging.NacosLogging - Nacos Logging Adapter Builder: com.alibaba.nacos.logger.adapter.logback14.LogbackNacosLoggingAdapterBuilder
2025-05-17 00:27:37.619 [main] INFO  c.a.n.client.logging.NacosLogging - Nacos Logging Adapter: com.alibaba.nacos.logger.adapter.logback14.LogbackNacosLoggingAdapter match ch.qos.logback.classic.Logger success.
2025-05-17 00:27:37.636 [main] INFO  c.a.n.client.logging.NacosLogging - Nacos Logging Adapter Builder: com.alibaba.nacos.logger.adapter.log4j2.Log4j2NacosLoggingAdapterBuilder
2025-05-17 00:27:37.850 [main] INFO  c.s.b.a.service.TestService - Starting TestService using Java 23.0.1 with PID 10412 (started by Stephen Hu in D:\Stephen Hu\Desktop\Bipennis\BackEnd\Bipennis-BackEnd\services\auth-service)
2025-05-17 00:27:37.851 [main] INFO  c.s.b.a.service.TestService - The following 1 profile is active: "dev"
2025-05-17 00:27:39.682 [main] INFO  o.s.d.r.c.RepositoryConfigurationDelegate - Multiple Spring Data modules found, entering strict repository configuration mode
2025-05-17 00:27:39.685 [main] INFO  o.s.d.r.c.RepositoryConfigurationDelegate - Bootstrapping Spring Data JPA repositories in DEFAULT mode.
2025-05-17 00:27:39.732 [main] INFO  o.s.d.r.c.RepositoryConfigurationDelegate - Finished Spring Data repository scanning in 29 ms. Found 0 JPA repository interfaces.
2025-05-17 00:27:39.773 [main] INFO  o.s.d.r.c.RepositoryConfigurationDelegate - Multiple Spring Data modules found, entering strict repository configuration mode
2025-05-17 00:27:39.775 [main] INFO  o.s.d.r.c.RepositoryConfigurationDelegate - Bootstrapping Spring Data Redis repositories in DEFAULT mode.
2025-05-17 00:27:39.800 [main] INFO  o.s.d.r.c.RepositoryConfigurationDelegate - Finished Spring Data repository scanning in 7 ms. Found 0 Redis repository interfaces.
2025-05-17 00:27:40.305 [main] INFO  o.s.cloud.context.scope.GenericScope - BeanFactory id=92ce2462-3227-32da-8ca3-afc3b1dc2238
2025-05-17 00:27:41.136 [main] WARN  o.s.c.s.PostProcessorRegistrationDelegate$BeanPostProcessorChecker - Bean 'org.springframework.cloud.client.loadbalancer.LoadBalancerAutoConfiguration$DeferringLoadBalancerInterceptorConfig' of type [org.springframework.cloud.client.loadbalancer.LoadBalancerAutoConfiguration$DeferringLoadBalancerInterceptorConfig] is not eligible for getting processed by all BeanPostProcessors (for example: not eligible for auto-proxying). The currently created BeanPostProcessor [lbRestClientPostProcessor] is declared through a non-static factory method on that class; consider declaring it as static instead.
2025-05-17 00:27:41.142 [main] WARN  o.s.c.s.PostProcessorRegistrationDelegate$BeanPostProcessorChecker - Bean 'deferringLoadBalancerInterceptor' of type [org.springframework.cloud.client.loadbalancer.DeferringLoadBalancerInterceptor] is not eligible for getting processed by all BeanPostProcessors (for example: not eligible for auto-proxying). Is this bean getting eagerly injected into a currently created BeanPostProcessor [lbRestClientPostProcessor]? Check the corresponding BeanPostProcessor declaration and its dependencies.
2025-05-17 00:27:41.159 [main] INFO  c.a.d.s.b.a.DruidDataSourceAutoConfigure - Init DruidDataSource
2025-05-17 00:27:41.734 [main] INFO  c.alibaba.druid.pool.DruidDataSource - {dataSource-1} inited
2025-05-17 00:27:42.475 [main] INFO  o.h.jpa.internal.util.LogHelper - HHH000204: Processing PersistenceUnitInfo [name: default]
2025-05-17 00:27:42.655 [main] INFO  org.hibernate.Version - HHH000412: Hibernate ORM core version 6.5.3.Final
2025-05-17 00:27:42.755 [main] INFO  o.h.c.i.RegionFactoryInitiator - HHH000026: Second-level cache disabled
2025-05-17 00:27:43.536 [main] INFO  o.s.o.j.p.SpringPersistenceUnitInfo - No LoadTimeWeaver setup: ignoring JPA class transformer
2025-05-17 00:27:43.685 [main] WARN  org.hibernate.dialect.Dialect - HHH000511: The 5.7.44 version for [org.hibernate.dialect.MySQLDialect] is no longer supported, hence certain features may not work properly. The minimum supported version is 8.0.0. Check the community dialects project for available legacy versions.
2025-05-17 00:27:44.336 [main] INFO  o.h.e.t.j.p.i.JtaPlatformInitiator - HHH000489: No JTA platform available (set 'hibernate.transaction.jta.platform' to enable JTA platform integration)
2025-05-17 00:27:44.345 [main] INFO  o.s.o.j.LocalContainerEntityManagerFactoryBean - Initialized JPA EntityManagerFactory for persistence unit 'default'
2025-05-17 00:27:44.829 [main] WARN  c.b.m.core.metadata.TableInfoHelper - Can not find table primary key in Class: "com.stephenhu.bipennis.model.PO.authservice.SpareEmailPO".
2025-05-17 00:27:44.847 [main] WARN  c.b.m.c.injector.DefaultSqlInjector - class com.stephenhu.bipennis.model.PO.authservice.SpareEmailPO ,Not found @TableId annotation, Cannot use Mybatis-Plus 'xxById' Method.
2025-05-17 00:27:44.984 [main] WARN  c.b.m.core.metadata.TableInfoHelper - Can not find table primary key in Class: "com.stephenhu.bipennis.model.PO.authservice.UserPO".
2025-05-17 00:27:44.984 [main] WARN  c.b.m.c.injector.DefaultSqlInjector - class com.stephenhu.bipennis.model.PO.authservice.UserPO ,Not found @TableId annotation, Cannot use Mybatis-Plus 'xxById' Method.
2025-05-17 00:27:45.694 [main] WARN  o.s.b.a.o.j.JpaBaseConfiguration$JpaWebConfiguration - spring.jpa.open-in-view is enabled by default. Therefore, database queries may be performed during view rendering. Explicitly configure spring.jpa.open-in-view to disable this warning
2025-05-17 00:27:48.204 [main] WARN  o.s.c.l.c.LoadBalancerCacheAutoConfiguration$LoadBalancerCaffeineWarnLogger - Spring Cloud LoadBalancer is currently working with the default cache. While this cache implementation is useful for development and tests, it's recommended to use Caffeine cache in production.You can switch to using Caffeine cache, by adding it and org.springframework.cache.caffeine.CaffeineCacheManager to the classpath.
2025-05-17 00:27:48.326 [main] INFO  c.s.b.a.service.TestService - Started TestService in 11.68 seconds (process running for 14.217)
2025-05-17 00:27:49.763 [Thread-2] WARN  c.a.n.c.executor.ThreadPoolManager - [ThreadPoolManager] Start destroying ThreadPool
2025-05-17 00:27:49.766 [Thread-2] WARN  c.a.n.c.executor.ThreadPoolManager - [ThreadPoolManager] Destruction of the end
2025-05-17 00:27:49.807 [SpringApplicationShutdownHook] INFO  o.s.o.j.LocalContainerEntityManagerFactoryBean - Closing JPA EntityManagerFactory for persistence unit 'default'
2025-05-17 00:27:49.812 [SpringApplicationShutdownHook] INFO  c.alibaba.druid.pool.DruidDataSource - {dataSource-1} closing ...
2025-05-17 00:27:49.827 [SpringApplicationShutdownHook] INFO  c.alibaba.druid.pool.DruidDataSource - {dataSource-1} closed
2025-05-17 00:29:39.962 [main] INFO  c.a.n.client.logging.NacosLogging - Nacos Logging Adapter Builder: com.alibaba.nacos.logger.adapter.logback12.LogbackNacosLoggingAdapterBuilder
2025-05-17 00:29:39.966 [main] INFO  c.a.n.client.logging.NacosLogging - Nacos Logging Adapter Builder: com.alibaba.nacos.logger.adapter.logback14.LogbackNacosLoggingAdapterBuilder
2025-05-17 00:29:39.968 [main] INFO  c.a.n.client.logging.NacosLogging - Nacos Logging Adapter: com.alibaba.nacos.logger.adapter.logback14.LogbackNacosLoggingAdapter match ch.qos.logback.classic.Logger success.
2025-05-17 00:29:39.978 [main] INFO  c.a.n.client.logging.NacosLogging - Nacos Logging Adapter Builder: com.alibaba.nacos.logger.adapter.log4j2.Log4j2NacosLoggingAdapterBuilder
2025-05-17 00:29:40.170 [main] INFO  c.s.b.a.service.TestService - Starting TestService using Java 23.0.1 with PID 26984 (started by Stephen Hu in D:\Stephen Hu\Desktop\Bipennis\BackEnd\Bipennis-BackEnd\services\auth-service)
2025-05-17 00:29:40.172 [main] INFO  c.s.b.a.service.TestService - The following 1 profile is active: "dev"
2025-05-17 00:29:41.789 [main] INFO  o.s.d.r.c.RepositoryConfigurationDelegate - Multiple Spring Data modules found, entering strict repository configuration mode
2025-05-17 00:29:41.793 [main] INFO  o.s.d.r.c.RepositoryConfigurationDelegate - Bootstrapping Spring Data JPA repositories in DEFAULT mode.
2025-05-17 00:29:41.840 [main] INFO  o.s.d.r.c.RepositoryConfigurationDelegate - Finished Spring Data repository scanning in 29 ms. Found 0 JPA repository interfaces.
2025-05-17 00:29:41.878 [main] INFO  o.s.d.r.c.RepositoryConfigurationDelegate - Multiple Spring Data modules found, entering strict repository configuration mode
2025-05-17 00:29:41.881 [main] INFO  o.s.d.r.c.RepositoryConfigurationDelegate - Bootstrapping Spring Data Redis repositories in DEFAULT mode.
2025-05-17 00:29:41.900 [main] INFO  o.s.d.r.c.RepositoryConfigurationDelegate - Finished Spring Data repository scanning in 6 ms. Found 0 Redis repository interfaces.
2025-05-17 00:29:42.339 [main] INFO  o.s.cloud.context.scope.GenericScope - BeanFactory id=92ce2462-3227-32da-8ca3-afc3b1dc2238
2025-05-17 00:29:42.990 [main] WARN  o.s.c.s.PostProcessorRegistrationDelegate$BeanPostProcessorChecker - Bean 'org.springframework.cloud.client.loadbalancer.LoadBalancerAutoConfiguration$DeferringLoadBalancerInterceptorConfig' of type [org.springframework.cloud.client.loadbalancer.LoadBalancerAutoConfiguration$DeferringLoadBalancerInterceptorConfig] is not eligible for getting processed by all BeanPostProcessors (for example: not eligible for auto-proxying). The currently created BeanPostProcessor [lbRestClientPostProcessor] is declared through a non-static factory method on that class; consider declaring it as static instead.
2025-05-17 00:29:42.995 [main] WARN  o.s.c.s.PostProcessorRegistrationDelegate$BeanPostProcessorChecker - Bean 'deferringLoadBalancerInterceptor' of type [org.springframework.cloud.client.loadbalancer.DeferringLoadBalancerInterceptor] is not eligible for getting processed by all BeanPostProcessors (for example: not eligible for auto-proxying). Is this bean getting eagerly injected into a currently created BeanPostProcessor [lbRestClientPostProcessor]? Check the corresponding BeanPostProcessor declaration and its dependencies.
2025-05-17 00:29:43.017 [main] INFO  c.a.d.s.b.a.DruidDataSourceAutoConfigure - Init DruidDataSource
2025-05-17 00:29:43.509 [main] INFO  c.alibaba.druid.pool.DruidDataSource - {dataSource-1} inited
2025-05-17 00:29:44.170 [main] INFO  o.h.jpa.internal.util.LogHelper - HHH000204: Processing PersistenceUnitInfo [name: default]
2025-05-17 00:29:44.313 [main] INFO  org.hibernate.Version - HHH000412: Hibernate ORM core version 6.5.3.Final
2025-05-17 00:29:44.389 [main] INFO  o.h.c.i.RegionFactoryInitiator - HHH000026: Second-level cache disabled
2025-05-17 00:29:45.023 [main] INFO  o.s.o.j.p.SpringPersistenceUnitInfo - No LoadTimeWeaver setup: ignoring JPA class transformer
2025-05-17 00:29:45.146 [main] WARN  org.hibernate.dialect.Dialect - HHH000511: The 5.7.44 version for [org.hibernate.dialect.MySQLDialect] is no longer supported, hence certain features may not work properly. The minimum supported version is 8.0.0. Check the community dialects project for available legacy versions.
2025-05-17 00:29:45.691 [main] INFO  o.h.e.t.j.p.i.JtaPlatformInitiator - HHH000489: No JTA platform available (set 'hibernate.transaction.jta.platform' to enable JTA platform integration)
2025-05-17 00:29:45.700 [main] INFO  o.s.o.j.LocalContainerEntityManagerFactoryBean - Initialized JPA EntityManagerFactory for persistence unit 'default'
2025-05-17 00:29:46.101 [main] WARN  c.b.m.core.metadata.TableInfoHelper - Can not find table primary key in Class: "com.stephenhu.bipennis.model.PO.authservice.SpareEmailPO".
2025-05-17 00:29:46.114 [main] WARN  c.b.m.c.injector.DefaultSqlInjector - class com.stephenhu.bipennis.model.PO.authservice.SpareEmailPO ,Not found @TableId annotation, Cannot use Mybatis-Plus 'xxById' Method.
2025-05-17 00:29:46.225 [main] WARN  c.b.m.core.metadata.TableInfoHelper - Can not find table primary key in Class: "com.stephenhu.bipennis.model.PO.authservice.UserPO".
2025-05-17 00:29:46.226 [main] WARN  c.b.m.c.injector.DefaultSqlInjector - class com.stephenhu.bipennis.model.PO.authservice.UserPO ,Not found @TableId annotation, Cannot use Mybatis-Plus 'xxById' Method.
2025-05-17 00:29:46.833 [main] WARN  o.s.b.a.o.j.JpaBaseConfiguration$JpaWebConfiguration - spring.jpa.open-in-view is enabled by default. Therefore, database queries may be performed during view rendering. Explicitly configure spring.jpa.open-in-view to disable this warning
2025-05-17 00:29:48.818 [main] WARN  o.s.c.l.c.LoadBalancerCacheAutoConfiguration$LoadBalancerCaffeineWarnLogger - Spring Cloud LoadBalancer is currently working with the default cache. While this cache implementation is useful for development and tests, it's recommended to use Caffeine cache in production.You can switch to using Caffeine cache, by adding it and org.springframework.cache.caffeine.CaffeineCacheManager to the classpath.
2025-05-17 00:29:48.912 [main] INFO  c.s.b.a.service.TestService - Started TestService in 9.804 seconds (process running for 11.863)
2025-05-17 00:29:50.182 [Thread-2] WARN  c.a.n.c.executor.ThreadPoolManager - [ThreadPoolManager] Start destroying ThreadPool
2025-05-17 00:29:50.183 [Thread-2] WARN  c.a.n.c.executor.ThreadPoolManager - [ThreadPoolManager] Destruction of the end
2025-05-17 00:29:50.228 [SpringApplicationShutdownHook] INFO  o.s.o.j.LocalContainerEntityManagerFactoryBean - Closing JPA EntityManagerFactory for persistence unit 'default'
2025-05-17 00:29:50.232 [SpringApplicationShutdownHook] INFO  c.alibaba.druid.pool.DruidDataSource - {dataSource-1} closing ...
2025-05-17 00:29:50.242 [SpringApplicationShutdownHook] INFO  c.alibaba.druid.pool.DruidDataSource - {dataSource-1} closed
2025-05-17 00:30:12.984 [main] INFO  c.a.n.client.logging.NacosLogging - Nacos Logging Adapter Builder: com.alibaba.nacos.logger.adapter.logback12.LogbackNacosLoggingAdapterBuilder
2025-05-17 00:30:12.989 [main] INFO  c.a.n.client.logging.NacosLogging - Nacos Logging Adapter Builder: com.alibaba.nacos.logger.adapter.logback14.LogbackNacosLoggingAdapterBuilder
2025-05-17 00:30:12.991 [main] INFO  c.a.n.client.logging.NacosLogging - Nacos Logging Adapter: com.alibaba.nacos.logger.adapter.logback14.LogbackNacosLoggingAdapter match ch.qos.logback.classic.Logger success.
2025-05-17 00:30:13.002 [main] INFO  c.a.n.client.logging.NacosLogging - Nacos Logging Adapter Builder: com.alibaba.nacos.logger.adapter.log4j2.Log4j2NacosLoggingAdapterBuilder
2025-05-17 00:30:13.200 [main] INFO  c.s.b.a.service.TestService - Starting TestService using Java 23.0.1 with PID 5084 (started by Stephen Hu in D:\Stephen Hu\Desktop\Bipennis\BackEnd\Bipennis-BackEnd\services\auth-service)
2025-05-17 00:30:13.211 [main] INFO  c.s.b.a.service.TestService - The following 1 profile is active: "dev"
2025-05-17 00:30:14.853 [main] INFO  o.s.d.r.c.RepositoryConfigurationDelegate - Multiple Spring Data modules found, entering strict repository configuration mode
2025-05-17 00:30:14.855 [main] INFO  o.s.d.r.c.RepositoryConfigurationDelegate - Bootstrapping Spring Data JPA repositories in DEFAULT mode.
2025-05-17 00:30:14.902 [main] INFO  o.s.d.r.c.RepositoryConfigurationDelegate - Finished Spring Data repository scanning in 29 ms. Found 0 JPA repository interfaces.
2025-05-17 00:30:14.936 [main] INFO  o.s.d.r.c.RepositoryConfigurationDelegate - Multiple Spring Data modules found, entering strict repository configuration mode
2025-05-17 00:30:14.939 [main] INFO  o.s.d.r.c.RepositoryConfigurationDelegate - Bootstrapping Spring Data Redis repositories in DEFAULT mode.
2025-05-17 00:30:14.963 [main] INFO  o.s.d.r.c.RepositoryConfigurationDelegate - Finished Spring Data repository scanning in 6 ms. Found 0 Redis repository interfaces.
2025-05-17 00:30:15.427 [main] INFO  o.s.cloud.context.scope.GenericScope - BeanFactory id=92ce2462-3227-32da-8ca3-afc3b1dc2238
2025-05-17 00:30:16.128 [main] WARN  o.s.c.s.PostProcessorRegistrationDelegate$BeanPostProcessorChecker - Bean 'org.springframework.cloud.client.loadbalancer.LoadBalancerAutoConfiguration$DeferringLoadBalancerInterceptorConfig' of type [org.springframework.cloud.client.loadbalancer.LoadBalancerAutoConfiguration$DeferringLoadBalancerInterceptorConfig] is not eligible for getting processed by all BeanPostProcessors (for example: not eligible for auto-proxying). The currently created BeanPostProcessor [lbRestClientPostProcessor] is declared through a non-static factory method on that class; consider declaring it as static instead.
2025-05-17 00:30:16.133 [main] WARN  o.s.c.s.PostProcessorRegistrationDelegate$BeanPostProcessorChecker - Bean 'deferringLoadBalancerInterceptor' of type [org.springframework.cloud.client.loadbalancer.DeferringLoadBalancerInterceptor] is not eligible for getting processed by all BeanPostProcessors (for example: not eligible for auto-proxying). Is this bean getting eagerly injected into a currently created BeanPostProcessor [lbRestClientPostProcessor]? Check the corresponding BeanPostProcessor declaration and its dependencies.
2025-05-17 00:30:16.154 [main] INFO  c.a.d.s.b.a.DruidDataSourceAutoConfigure - Init DruidDataSource
2025-05-17 00:30:16.641 [main] INFO  c.alibaba.druid.pool.DruidDataSource - {dataSource-1} inited
2025-05-17 00:30:17.265 [main] INFO  o.h.jpa.internal.util.LogHelper - HHH000204: Processing PersistenceUnitInfo [name: default]
2025-05-17 00:30:17.399 [main] INFO  org.hibernate.Version - HHH000412: Hibernate ORM core version 6.5.3.Final
2025-05-17 00:30:17.465 [main] INFO  o.h.c.i.RegionFactoryInitiator - HHH000026: Second-level cache disabled
2025-05-17 00:30:18.167 [main] INFO  o.s.o.j.p.SpringPersistenceUnitInfo - No LoadTimeWeaver setup: ignoring JPA class transformer
2025-05-17 00:30:18.315 [main] WARN  org.hibernate.dialect.Dialect - HHH000511: The 5.7.44 version for [org.hibernate.dialect.MySQLDialect] is no longer supported, hence certain features may not work properly. The minimum supported version is 8.0.0. Check the community dialects project for available legacy versions.
2025-05-17 00:30:18.921 [main] INFO  o.h.e.t.j.p.i.JtaPlatformInitiator - HHH000489: No JTA platform available (set 'hibernate.transaction.jta.platform' to enable JTA platform integration)
2025-05-17 00:30:18.932 [main] INFO  o.s.o.j.LocalContainerEntityManagerFactoryBean - Initialized JPA EntityManagerFactory for persistence unit 'default'
2025-05-17 00:30:19.334 [main] WARN  c.b.m.core.metadata.TableInfoHelper - Can not find table primary key in Class: "com.stephenhu.bipennis.model.PO.authservice.SpareEmailPO".
2025-05-17 00:30:19.344 [main] WARN  c.b.m.c.injector.DefaultSqlInjector - class com.stephenhu.bipennis.model.PO.authservice.SpareEmailPO ,Not found @TableId annotation, Cannot use Mybatis-Plus 'xxById' Method.
2025-05-17 00:30:19.467 [main] WARN  c.b.m.core.metadata.TableInfoHelper - Can not find table primary key in Class: "com.stephenhu.bipennis.model.PO.authservice.UserPO".
2025-05-17 00:30:19.468 [main] WARN  c.b.m.c.injector.DefaultSqlInjector - class com.stephenhu.bipennis.model.PO.authservice.UserPO ,Not found @TableId annotation, Cannot use Mybatis-Plus 'xxById' Method.
2025-05-17 00:30:20.209 [main] WARN  o.s.b.a.o.j.JpaBaseConfiguration$JpaWebConfiguration - spring.jpa.open-in-view is enabled by default. Therefore, database queries may be performed during view rendering. Explicitly configure spring.jpa.open-in-view to disable this warning
2025-05-17 00:30:22.539 [main] WARN  o.s.c.l.c.LoadBalancerCacheAutoConfiguration$LoadBalancerCaffeineWarnLogger - Spring Cloud LoadBalancer is currently working with the default cache. While this cache implementation is useful for development and tests, it's recommended to use Caffeine cache in production.You can switch to using Caffeine cache, by adding it and org.springframework.cache.caffeine.CaffeineCacheManager to the classpath.
2025-05-17 00:30:22.668 [main] INFO  c.s.b.a.service.TestService - Started TestService in 10.545 seconds (process running for 12.81)
2025-05-17 00:30:24.080 [main] INFO  org.dozer.config.GlobalSettings - Trying to find Dozer configuration file: dozer.properties
2025-05-17 00:30:24.084 [main] WARN  org.dozer.config.GlobalSettings - Dozer configuration file not found: dozer.properties.  Using defaults for all Dozer global properties.
2025-05-17 00:30:24.087 [main] INFO  org.dozer.DozerInitializer - Initializing Dozer. Version: 5.5.0, Thread Name: main
2025-05-17 00:30:24.089 [main] INFO  org.dozer.jmx.JMXPlatformImpl - Dozer JMX MBean [org.dozer.jmx:type=DozerStatisticsController] auto registered with the Platform MBean Server
2025-05-17 00:30:24.090 [main] INFO  org.dozer.jmx.JMXPlatformImpl - Dozer JMX MBean [org.dozer.jmx:type=DozerAdminController] auto registered with the Platform MBean Server
2025-05-17 00:30:24.091 [main] INFO  org.dozer.DozerBeanMapper - Initializing a new instance of dozer bean mapper.
2025-05-17 00:30:24.205 [main] INFO  org.dozer.DozerBeanMapper - Initializing a new instance of dozer bean mapper.
2025-05-17 00:30:24.366 [main] INFO  c.s.b.a.d.i.SpareEmailCrudRepositoryImpl - Login successful for user: stephenhu031028@gmail.com
2025-05-17 00:30:24.397 [Thread-2] WARN  c.a.n.c.executor.ThreadPoolManager - [ThreadPoolManager] Start destroying ThreadPool
2025-05-17 00:30:24.398 [Thread-2] WARN  c.a.n.c.executor.ThreadPoolManager - [ThreadPoolManager] Destruction of the end
2025-05-17 00:30:24.439 [SpringApplicationShutdownHook] INFO  o.s.o.j.LocalContainerEntityManagerFactoryBean - Closing JPA EntityManagerFactory for persistence unit 'default'
2025-05-17 00:30:24.443 [SpringApplicationShutdownHook] INFO  c.alibaba.druid.pool.DruidDataSource - {dataSource-1} closing ...
2025-05-17 00:30:24.459 [SpringApplicationShutdownHook] INFO  c.alibaba.druid.pool.DruidDataSource - {dataSource-1} closed
2025-05-17 00:30:53.118 [main] INFO  c.a.n.client.logging.NacosLogging - Nacos Logging Adapter Builder: com.alibaba.nacos.logger.adapter.logback12.LogbackNacosLoggingAdapterBuilder
2025-05-17 00:30:53.124 [main] INFO  c.a.n.client.logging.NacosLogging - Nacos Logging Adapter Builder: com.alibaba.nacos.logger.adapter.logback14.LogbackNacosLoggingAdapterBuilder
2025-05-17 00:30:53.124 [main] INFO  c.a.n.client.logging.NacosLogging - Nacos Logging Adapter: com.alibaba.nacos.logger.adapter.logback14.LogbackNacosLoggingAdapter match ch.qos.logback.classic.Logger success.
2025-05-17 00:30:53.136 [main] INFO  c.a.n.client.logging.NacosLogging - Nacos Logging Adapter Builder: com.alibaba.nacos.logger.adapter.log4j2.Log4j2NacosLoggingAdapterBuilder
2025-05-17 00:30:53.360 [main] INFO  c.s.b.a.service.TestService - Starting TestService using Java 23.0.1 with PID 15868 (started by Stephen Hu in D:\Stephen Hu\Desktop\Bipennis\BackEnd\Bipennis-BackEnd\services\auth-service)
2025-05-17 00:30:53.361 [main] INFO  c.s.b.a.service.TestService - The following 1 profile is active: "dev"
2025-05-17 00:30:55.040 [main] INFO  o.s.d.r.c.RepositoryConfigurationDelegate - Multiple Spring Data modules found, entering strict repository configuration mode
2025-05-17 00:30:55.043 [main] INFO  o.s.d.r.c.RepositoryConfigurationDelegate - Bootstrapping Spring Data JPA repositories in DEFAULT mode.
2025-05-17 00:30:55.087 [main] INFO  o.s.d.r.c.RepositoryConfigurationDelegate - Finished Spring Data repository scanning in 29 ms. Found 0 JPA repository interfaces.
2025-05-17 00:30:55.125 [main] INFO  o.s.d.r.c.RepositoryConfigurationDelegate - Multiple Spring Data modules found, entering strict repository configuration mode
2025-05-17 00:30:55.127 [main] INFO  o.s.d.r.c.RepositoryConfigurationDelegate - Bootstrapping Spring Data Redis repositories in DEFAULT mode.
2025-05-17 00:30:55.155 [main] INFO  o.s.d.r.c.RepositoryConfigurationDelegate - Finished Spring Data repository scanning in 6 ms. Found 0 Redis repository interfaces.
2025-05-17 00:30:55.669 [main] INFO  o.s.cloud.context.scope.GenericScope - BeanFactory id=92ce2462-3227-32da-8ca3-afc3b1dc2238
2025-05-17 00:30:56.380 [main] WARN  o.s.c.s.PostProcessorRegistrationDelegate$BeanPostProcessorChecker - Bean 'org.springframework.cloud.client.loadbalancer.LoadBalancerAutoConfiguration$DeferringLoadBalancerInterceptorConfig' of type [org.springframework.cloud.client.loadbalancer.LoadBalancerAutoConfiguration$DeferringLoadBalancerInterceptorConfig] is not eligible for getting processed by all BeanPostProcessors (for example: not eligible for auto-proxying). The currently created BeanPostProcessor [lbRestClientPostProcessor] is declared through a non-static factory method on that class; consider declaring it as static instead.
2025-05-17 00:30:56.386 [main] WARN  o.s.c.s.PostProcessorRegistrationDelegate$BeanPostProcessorChecker - Bean 'deferringLoadBalancerInterceptor' of type [org.springframework.cloud.client.loadbalancer.DeferringLoadBalancerInterceptor] is not eligible for getting processed by all BeanPostProcessors (for example: not eligible for auto-proxying). Is this bean getting eagerly injected into a currently created BeanPostProcessor [lbRestClientPostProcessor]? Check the corresponding BeanPostProcessor declaration and its dependencies.
2025-05-17 00:30:56.404 [main] INFO  c.a.d.s.b.a.DruidDataSourceAutoConfigure - Init DruidDataSource
2025-05-17 00:30:56.892 [main] INFO  c.alibaba.druid.pool.DruidDataSource - {dataSource-1} inited
2025-05-17 00:30:57.489 [main] INFO  o.h.jpa.internal.util.LogHelper - HHH000204: Processing PersistenceUnitInfo [name: default]
2025-05-17 00:30:57.611 [main] INFO  org.hibernate.Version - HHH000412: Hibernate ORM core version 6.5.3.Final
2025-05-17 00:30:57.684 [main] INFO  o.h.c.i.RegionFactoryInitiator - HHH000026: Second-level cache disabled
2025-05-17 00:30:58.306 [main] INFO  o.s.o.j.p.SpringPersistenceUnitInfo - No LoadTimeWeaver setup: ignoring JPA class transformer
2025-05-17 00:30:58.429 [main] WARN  org.hibernate.dialect.Dialect - HHH000511: The 5.7.44 version for [org.hibernate.dialect.MySQLDialect] is no longer supported, hence certain features may not work properly. The minimum supported version is 8.0.0. Check the community dialects project for available legacy versions.
2025-05-17 00:30:59.003 [main] INFO  o.h.e.t.j.p.i.JtaPlatformInitiator - HHH000489: No JTA platform available (set 'hibernate.transaction.jta.platform' to enable JTA platform integration)
2025-05-17 00:30:59.013 [main] INFO  o.s.o.j.LocalContainerEntityManagerFactoryBean - Initialized JPA EntityManagerFactory for persistence unit 'default'
2025-05-17 00:30:59.401 [main] WARN  c.b.m.core.metadata.TableInfoHelper - Can not find table primary key in Class: "com.stephenhu.bipennis.model.PO.authservice.SpareEmailPO".
2025-05-17 00:30:59.416 [main] WARN  c.b.m.c.injector.DefaultSqlInjector - class com.stephenhu.bipennis.model.PO.authservice.SpareEmailPO ,Not found @TableId annotation, Cannot use Mybatis-Plus 'xxById' Method.
2025-05-17 00:30:59.523 [main] WARN  c.b.m.core.metadata.TableInfoHelper - Can not find table primary key in Class: "com.stephenhu.bipennis.model.PO.authservice.UserPO".
2025-05-17 00:30:59.525 [main] WARN  c.b.m.c.injector.DefaultSqlInjector - class com.stephenhu.bipennis.model.PO.authservice.UserPO ,Not found @TableId annotation, Cannot use Mybatis-Plus 'xxById' Method.
2025-05-17 00:31:00.118 [main] WARN  o.s.b.a.o.j.JpaBaseConfiguration$JpaWebConfiguration - spring.jpa.open-in-view is enabled by default. Therefore, database queries may be performed during view rendering. Explicitly configure spring.jpa.open-in-view to disable this warning
2025-05-17 00:31:02.046 [main] WARN  o.s.c.l.c.LoadBalancerCacheAutoConfiguration$LoadBalancerCaffeineWarnLogger - Spring Cloud LoadBalancer is currently working with the default cache. While this cache implementation is useful for development and tests, it's recommended to use Caffeine cache in production.You can switch to using Caffeine cache, by adding it and org.springframework.cache.caffeine.CaffeineCacheManager to the classpath.
2025-05-17 00:31:02.146 [main] INFO  c.s.b.a.service.TestService - Started TestService in 9.907 seconds (process running for 11.943)
2025-05-17 00:31:03.395 [main] INFO  org.dozer.config.GlobalSettings - Trying to find Dozer configuration file: dozer.properties
2025-05-17 00:31:03.398 [main] WARN  org.dozer.config.GlobalSettings - Dozer configuration file not found: dozer.properties.  Using defaults for all Dozer global properties.
2025-05-17 00:31:03.400 [main] INFO  org.dozer.DozerInitializer - Initializing Dozer. Version: 5.5.0, Thread Name: main
2025-05-17 00:31:03.403 [main] INFO  org.dozer.jmx.JMXPlatformImpl - Dozer JMX MBean [org.dozer.jmx:type=DozerStatisticsController] auto registered with the Platform MBean Server
2025-05-17 00:31:03.404 [main] INFO  org.dozer.jmx.JMXPlatformImpl - Dozer JMX MBean [org.dozer.jmx:type=DozerAdminController] auto registered with the Platform MBean Server
2025-05-17 00:31:03.405 [main] INFO  org.dozer.DozerBeanMapper - Initializing a new instance of dozer bean mapper.
2025-05-17 00:31:03.498 [main] INFO  org.dozer.DozerBeanMapper - Initializing a new instance of dozer bean mapper.
2025-05-17 00:31:03.511 [main] INFO  org.dozer.DozerBeanMapper - Initializing a new instance of dozer bean mapper.
2025-05-17 00:31:03.526 [main] INFO  org.dozer.DozerBeanMapper - Initializing a new instance of dozer bean mapper.
2025-05-17 00:31:03.683 [main] INFO  c.s.b.a.d.i.SpareEmailCrudRepositoryImpl - Login successful for user: 3474584031@qq.com
2025-05-17 00:31:03.709 [Thread-2] WARN  c.a.n.c.executor.ThreadPoolManager - [ThreadPoolManager] Start destroying ThreadPool
2025-05-17 00:31:03.710 [Thread-2] WARN  c.a.n.c.executor.ThreadPoolManager - [ThreadPoolManager] Destruction of the end
2025-05-17 00:31:03.742 [SpringApplicationShutdownHook] INFO  o.s.o.j.LocalContainerEntityManagerFactoryBean - Closing JPA EntityManagerFactory for persistence unit 'default'
2025-05-17 00:31:03.744 [SpringApplicationShutdownHook] INFO  c.alibaba.druid.pool.DruidDataSource - {dataSource-1} closing ...
2025-05-17 00:31:03.758 [SpringApplicationShutdownHook] INFO  c.alibaba.druid.pool.DruidDataSource - {dataSource-1} closed
2025-05-17 00:31:27.297 [main] INFO  c.a.n.client.logging.NacosLogging - Nacos Logging Adapter Builder: com.alibaba.nacos.logger.adapter.logback12.LogbackNacosLoggingAdapterBuilder
2025-05-17 00:31:27.303 [main] INFO  c.a.n.client.logging.NacosLogging - Nacos Logging Adapter Builder: com.alibaba.nacos.logger.adapter.logback14.LogbackNacosLoggingAdapterBuilder
2025-05-17 00:31:27.304 [main] INFO  c.a.n.client.logging.NacosLogging - Nacos Logging Adapter: com.alibaba.nacos.logger.adapter.logback14.LogbackNacosLoggingAdapter match ch.qos.logback.classic.Logger success.
2025-05-17 00:31:27.315 [main] INFO  c.a.n.client.logging.NacosLogging - Nacos Logging Adapter Builder: com.alibaba.nacos.logger.adapter.log4j2.Log4j2NacosLoggingAdapterBuilder
2025-05-17 00:31:27.514 [main] INFO  c.s.b.a.service.TestService - Starting TestService using Java 23.0.1 with PID 27280 (started by Stephen Hu in D:\Stephen Hu\Desktop\Bipennis\BackEnd\Bipennis-BackEnd\services\auth-service)
2025-05-17 00:31:27.516 [main] INFO  c.s.b.a.service.TestService - The following 1 profile is active: "dev"
2025-05-17 00:31:29.165 [main] INFO  o.s.d.r.c.RepositoryConfigurationDelegate - Multiple Spring Data modules found, entering strict repository configuration mode
2025-05-17 00:31:29.169 [main] INFO  o.s.d.r.c.RepositoryConfigurationDelegate - Bootstrapping Spring Data JPA repositories in DEFAULT mode.
2025-05-17 00:31:29.212 [main] INFO  o.s.d.r.c.RepositoryConfigurationDelegate - Finished Spring Data repository scanning in 27 ms. Found 0 JPA repository interfaces.
2025-05-17 00:31:29.249 [main] INFO  o.s.d.r.c.RepositoryConfigurationDelegate - Multiple Spring Data modules found, entering strict repository configuration mode
2025-05-17 00:31:29.253 [main] INFO  o.s.d.r.c.RepositoryConfigurationDelegate - Bootstrapping Spring Data Redis repositories in DEFAULT mode.
2025-05-17 00:31:29.272 [main] INFO  o.s.d.r.c.RepositoryConfigurationDelegate - Finished Spring Data repository scanning in 6 ms. Found 0 Redis repository interfaces.
2025-05-17 00:31:29.739 [main] INFO  o.s.cloud.context.scope.GenericScope - BeanFactory id=92ce2462-3227-32da-8ca3-afc3b1dc2238
2025-05-17 00:31:30.412 [main] WARN  o.s.c.s.PostProcessorRegistrationDelegate$BeanPostProcessorChecker - Bean 'org.springframework.cloud.client.loadbalancer.LoadBalancerAutoConfiguration$DeferringLoadBalancerInterceptorConfig' of type [org.springframework.cloud.client.loadbalancer.LoadBalancerAutoConfiguration$DeferringLoadBalancerInterceptorConfig] is not eligible for getting processed by all BeanPostProcessors (for example: not eligible for auto-proxying). The currently created BeanPostProcessor [lbRestClientPostProcessor] is declared through a non-static factory method on that class; consider declaring it as static instead.
2025-05-17 00:31:30.417 [main] WARN  o.s.c.s.PostProcessorRegistrationDelegate$BeanPostProcessorChecker - Bean 'deferringLoadBalancerInterceptor' of type [org.springframework.cloud.client.loadbalancer.DeferringLoadBalancerInterceptor] is not eligible for getting processed by all BeanPostProcessors (for example: not eligible for auto-proxying). Is this bean getting eagerly injected into a currently created BeanPostProcessor [lbRestClientPostProcessor]? Check the corresponding BeanPostProcessor declaration and its dependencies.
2025-05-17 00:31:30.437 [main] INFO  c.a.d.s.b.a.DruidDataSourceAutoConfigure - Init DruidDataSource
2025-05-17 00:31:30.947 [main] INFO  c.alibaba.druid.pool.DruidDataSource - {dataSource-1} inited
2025-05-17 00:31:31.552 [main] INFO  o.h.jpa.internal.util.LogHelper - HHH000204: Processing PersistenceUnitInfo [name: default]
2025-05-17 00:31:31.681 [main] INFO  org.hibernate.Version - HHH000412: Hibernate ORM core version 6.5.3.Final
2025-05-17 00:31:31.750 [main] INFO  o.h.c.i.RegionFactoryInitiator - HHH000026: Second-level cache disabled
2025-05-17 00:31:32.393 [main] INFO  o.s.o.j.p.SpringPersistenceUnitInfo - No LoadTimeWeaver setup: ignoring JPA class transformer
2025-05-17 00:31:32.516 [main] WARN  org.hibernate.dialect.Dialect - HHH000511: The 5.7.44 version for [org.hibernate.dialect.MySQLDialect] is no longer supported, hence certain features may not work properly. The minimum supported version is 8.0.0. Check the community dialects project for available legacy versions.
2025-05-17 00:31:33.044 [main] INFO  o.h.e.t.j.p.i.JtaPlatformInitiator - HHH000489: No JTA platform available (set 'hibernate.transaction.jta.platform' to enable JTA platform integration)
2025-05-17 00:31:33.053 [main] INFO  o.s.o.j.LocalContainerEntityManagerFactoryBean - Initialized JPA EntityManagerFactory for persistence unit 'default'
2025-05-17 00:31:33.414 [main] WARN  c.b.m.core.metadata.TableInfoHelper - Can not find table primary key in Class: "com.stephenhu.bipennis.model.PO.authservice.SpareEmailPO".
2025-05-17 00:31:33.422 [main] WARN  c.b.m.c.injector.DefaultSqlInjector - class com.stephenhu.bipennis.model.PO.authservice.SpareEmailPO ,Not found @TableId annotation, Cannot use Mybatis-Plus 'xxById' Method.
2025-05-17 00:31:33.522 [main] WARN  c.b.m.core.metadata.TableInfoHelper - Can not find table primary key in Class: "com.stephenhu.bipennis.model.PO.authservice.UserPO".
2025-05-17 00:31:33.522 [main] WARN  c.b.m.c.injector.DefaultSqlInjector - class com.stephenhu.bipennis.model.PO.authservice.UserPO ,Not found @TableId annotation, Cannot use Mybatis-Plus 'xxById' Method.
2025-05-17 00:31:34.140 [main] WARN  o.s.b.a.o.j.JpaBaseConfiguration$JpaWebConfiguration - spring.jpa.open-in-view is enabled by default. Therefore, database queries may be performed during view rendering. Explicitly configure spring.jpa.open-in-view to disable this warning
2025-05-17 00:31:36.133 [main] WARN  o.s.c.l.c.LoadBalancerCacheAutoConfiguration$LoadBalancerCaffeineWarnLogger - Spring Cloud LoadBalancer is currently working with the default cache. While this cache implementation is useful for development and tests, it's recommended to use Caffeine cache in production.You can switch to using Caffeine cache, by adding it and org.springframework.cache.caffeine.CaffeineCacheManager to the classpath.
2025-05-17 00:31:36.243 [main] INFO  c.s.b.a.service.TestService - Started TestService in 9.784 seconds (process running for 11.766)
2025-05-17 00:31:37.488 [main] INFO  org.dozer.config.GlobalSettings - Trying to find Dozer configuration file: dozer.properties
2025-05-17 00:31:37.492 [main] WARN  org.dozer.config.GlobalSettings - Dozer configuration file not found: dozer.properties.  Using defaults for all Dozer global properties.
2025-05-17 00:31:37.494 [main] INFO  org.dozer.DozerInitializer - Initializing Dozer. Version: 5.5.0, Thread Name: main
2025-05-17 00:31:37.496 [main] INFO  org.dozer.jmx.JMXPlatformImpl - Dozer JMX MBean [org.dozer.jmx:type=DozerStatisticsController] auto registered with the Platform MBean Server
2025-05-17 00:31:37.497 [main] INFO  org.dozer.jmx.JMXPlatformImpl - Dozer JMX MBean [org.dozer.jmx:type=DozerAdminController] auto registered with the Platform MBean Server
2025-05-17 00:31:37.498 [main] INFO  org.dozer.DozerBeanMapper - Initializing a new instance of dozer bean mapper.
2025-05-17 00:31:37.606 [main] INFO  org.dozer.DozerBeanMapper - Initializing a new instance of dozer bean mapper.
2025-05-17 00:31:37.758 [main] INFO  c.s.b.a.d.i.SpareEmailCrudRepositoryImpl - Login successful for user: +86 17387520730
2025-05-17 00:31:37.786 [Thread-2] WARN  c.a.n.c.executor.ThreadPoolManager - [ThreadPoolManager] Start destroying ThreadPool
2025-05-17 00:31:37.786 [Thread-2] WARN  c.a.n.c.executor.ThreadPoolManager - [ThreadPoolManager] Destruction of the end
2025-05-17 00:31:37.820 [SpringApplicationShutdownHook] INFO  o.s.o.j.LocalContainerEntityManagerFactoryBean - Closing JPA EntityManagerFactory for persistence unit 'default'
2025-05-17 00:31:37.823 [SpringApplicationShutdownHook] INFO  c.alibaba.druid.pool.DruidDataSource - {dataSource-1} closing ...
2025-05-17 00:31:37.836 [SpringApplicationShutdownHook] INFO  c.alibaba.druid.pool.DruidDataSource - {dataSource-1} closed
2025-05-17 00:31:57.684 [main] INFO  c.a.n.client.logging.NacosLogging - Nacos Logging Adapter Builder: com.alibaba.nacos.logger.adapter.logback12.LogbackNacosLoggingAdapterBuilder
2025-05-17 00:31:57.690 [main] INFO  c.a.n.client.logging.NacosLogging - Nacos Logging Adapter Builder: com.alibaba.nacos.logger.adapter.logback14.LogbackNacosLoggingAdapterBuilder
2025-05-17 00:31:57.692 [main] INFO  c.a.n.client.logging.NacosLogging - Nacos Logging Adapter: com.alibaba.nacos.logger.adapter.logback14.LogbackNacosLoggingAdapter match ch.qos.logback.classic.Logger success.
2025-05-17 00:31:57.704 [main] INFO  c.a.n.client.logging.NacosLogging - Nacos Logging Adapter Builder: com.alibaba.nacos.logger.adapter.log4j2.Log4j2NacosLoggingAdapterBuilder
2025-05-17 00:31:57.915 [main] INFO  c.s.b.a.service.TestService - Starting TestService using Java 23.0.1 with PID 9248 (started by Stephen Hu in D:\Stephen Hu\Desktop\Bipennis\BackEnd\Bipennis-BackEnd\services\auth-service)
2025-05-17 00:31:57.916 [main] INFO  c.s.b.a.service.TestService - The following 1 profile is active: "dev"
2025-05-17 00:31:59.528 [main] INFO  o.s.d.r.c.RepositoryConfigurationDelegate - Multiple Spring Data modules found, entering strict repository configuration mode
2025-05-17 00:31:59.532 [main] INFO  o.s.d.r.c.RepositoryConfigurationDelegate - Bootstrapping Spring Data JPA repositories in DEFAULT mode.
2025-05-17 00:31:59.573 [main] INFO  o.s.d.r.c.RepositoryConfigurationDelegate - Finished Spring Data repository scanning in 28 ms. Found 0 JPA repository interfaces.
2025-05-17 00:31:59.608 [main] INFO  o.s.d.r.c.RepositoryConfigurationDelegate - Multiple Spring Data modules found, entering strict repository configuration mode
2025-05-17 00:31:59.611 [main] INFO  o.s.d.r.c.RepositoryConfigurationDelegate - Bootstrapping Spring Data Redis repositories in DEFAULT mode.
2025-05-17 00:31:59.634 [main] INFO  o.s.d.r.c.RepositoryConfigurationDelegate - Finished Spring Data repository scanning in 8 ms. Found 0 Redis repository interfaces.
2025-05-17 00:32:00.072 [main] INFO  o.s.cloud.context.scope.GenericScope - BeanFactory id=92ce2462-3227-32da-8ca3-afc3b1dc2238
2025-05-17 00:32:00.828 [main] WARN  o.s.c.s.PostProcessorRegistrationDelegate$BeanPostProcessorChecker - Bean 'org.springframework.cloud.client.loadbalancer.LoadBalancerAutoConfiguration$DeferringLoadBalancerInterceptorConfig' of type [org.springframework.cloud.client.loadbalancer.LoadBalancerAutoConfiguration$DeferringLoadBalancerInterceptorConfig] is not eligible for getting processed by all BeanPostProcessors (for example: not eligible for auto-proxying). The currently created BeanPostProcessor [lbRestClientPostProcessor] is declared through a non-static factory method on that class; consider declaring it as static instead.
2025-05-17 00:32:00.834 [main] WARN  o.s.c.s.PostProcessorRegistrationDelegate$BeanPostProcessorChecker - Bean 'deferringLoadBalancerInterceptor' of type [org.springframework.cloud.client.loadbalancer.DeferringLoadBalancerInterceptor] is not eligible for getting processed by all BeanPostProcessors (for example: not eligible for auto-proxying). Is this bean getting eagerly injected into a currently created BeanPostProcessor [lbRestClientPostProcessor]? Check the corresponding BeanPostProcessor declaration and its dependencies.
2025-05-17 00:32:00.852 [main] INFO  c.a.d.s.b.a.DruidDataSourceAutoConfigure - Init DruidDataSource
2025-05-17 00:32:01.372 [main] INFO  c.alibaba.druid.pool.DruidDataSource - {dataSource-1} inited
2025-05-17 00:32:01.983 [main] INFO  o.h.jpa.internal.util.LogHelper - HHH000204: Processing PersistenceUnitInfo [name: default]
2025-05-17 00:32:02.094 [main] INFO  org.hibernate.Version - HHH000412: Hibernate ORM core version 6.5.3.Final
2025-05-17 00:32:02.160 [main] INFO  o.h.c.i.RegionFactoryInitiator - HHH000026: Second-level cache disabled
2025-05-17 00:32:02.800 [main] INFO  o.s.o.j.p.SpringPersistenceUnitInfo - No LoadTimeWeaver setup: ignoring JPA class transformer
2025-05-17 00:32:02.933 [main] WARN  org.hibernate.dialect.Dialect - HHH000511: The 5.7.44 version for [org.hibernate.dialect.MySQLDialect] is no longer supported, hence certain features may not work properly. The minimum supported version is 8.0.0. Check the community dialects project for available legacy versions.
2025-05-17 00:32:03.472 [main] INFO  o.h.e.t.j.p.i.JtaPlatformInitiator - HHH000489: No JTA platform available (set 'hibernate.transaction.jta.platform' to enable JTA platform integration)
2025-05-17 00:32:03.482 [main] INFO  o.s.o.j.LocalContainerEntityManagerFactoryBean - Initialized JPA EntityManagerFactory for persistence unit 'default'
2025-05-17 00:32:03.876 [main] WARN  c.b.m.core.metadata.TableInfoHelper - Can not find table primary key in Class: "com.stephenhu.bipennis.model.PO.authservice.SpareEmailPO".
2025-05-17 00:32:03.886 [main] WARN  c.b.m.c.injector.DefaultSqlInjector - class com.stephenhu.bipennis.model.PO.authservice.SpareEmailPO ,Not found @TableId annotation, Cannot use Mybatis-Plus 'xxById' Method.
2025-05-17 00:32:03.997 [main] WARN  c.b.m.core.metadata.TableInfoHelper - Can not find table primary key in Class: "com.stephenhu.bipennis.model.PO.authservice.UserPO".
2025-05-17 00:32:03.998 [main] WARN  c.b.m.c.injector.DefaultSqlInjector - class com.stephenhu.bipennis.model.PO.authservice.UserPO ,Not found @TableId annotation, Cannot use Mybatis-Plus 'xxById' Method.
2025-05-17 00:32:04.584 [main] WARN  o.s.b.a.o.j.JpaBaseConfiguration$JpaWebConfiguration - spring.jpa.open-in-view is enabled by default. Therefore, database queries may be performed during view rendering. Explicitly configure spring.jpa.open-in-view to disable this warning
2025-05-17 00:32:06.547 [main] WARN  o.s.c.l.c.LoadBalancerCacheAutoConfiguration$LoadBalancerCaffeineWarnLogger - Spring Cloud LoadBalancer is currently working with the default cache. While this cache implementation is useful for development and tests, it's recommended to use Caffeine cache in production.You can switch to using Caffeine cache, by adding it and org.springframework.cache.caffeine.CaffeineCacheManager to the classpath.
2025-05-17 00:32:06.663 [main] INFO  c.s.b.a.service.TestService - Started TestService in 9.82 seconds (process running for 11.807)
2025-05-17 00:32:07.774 [main] ERROR c.s.b.a.d.i.SpareEmailCrudRepositoryImpl - Business error during login: Code=13, Message=Internal server error, Location=AuthServiceImpl.login
2025-05-17 00:32:07.820 [Thread-2] WARN  c.a.n.c.executor.ThreadPoolManager - [ThreadPoolManager] Start destroying ThreadPool
2025-05-17 00:32:07.820 [Thread-2] WARN  c.a.n.c.executor.ThreadPoolManager - [ThreadPoolManager] Destruction of the end
2025-05-17 00:32:07.862 [SpringApplicationShutdownHook] INFO  o.s.o.j.LocalContainerEntityManagerFactoryBean - Closing JPA EntityManagerFactory for persistence unit 'default'
2025-05-17 00:32:07.865 [SpringApplicationShutdownHook] INFO  c.alibaba.druid.pool.DruidDataSource - {dataSource-1} closing ...
2025-05-17 00:32:07.875 [SpringApplicationShutdownHook] INFO  c.alibaba.druid.pool.DruidDataSource - {dataSource-1} closed
2025-05-17 00:34:29.376 [main] INFO  c.a.n.client.logging.NacosLogging - Nacos Logging Adapter Builder: com.alibaba.nacos.logger.adapter.logback12.LogbackNacosLoggingAdapterBuilder
2025-05-17 00:34:29.382 [main] INFO  c.a.n.client.logging.NacosLogging - Nacos Logging Adapter Builder: com.alibaba.nacos.logger.adapter.logback14.LogbackNacosLoggingAdapterBuilder
2025-05-17 00:34:29.382 [main] INFO  c.a.n.client.logging.NacosLogging - Nacos Logging Adapter: com.alibaba.nacos.logger.adapter.logback14.LogbackNacosLoggingAdapter match ch.qos.logback.classic.Logger success.
2025-05-17 00:34:29.392 [main] INFO  c.a.n.client.logging.NacosLogging - Nacos Logging Adapter Builder: com.alibaba.nacos.logger.adapter.log4j2.Log4j2NacosLoggingAdapterBuilder
2025-05-17 00:34:29.607 [main] INFO  c.s.b.a.service.TestService - Starting TestService using Java 23.0.1 with PID 25252 (started by Stephen Hu in D:\Stephen Hu\Desktop\Bipennis\BackEnd\Bipennis-BackEnd\services\auth-service)
2025-05-17 00:34:29.610 [main] INFO  c.s.b.a.service.TestService - The following 1 profile is active: "dev"
2025-05-17 00:34:31.257 [main] INFO  o.s.d.r.c.RepositoryConfigurationDelegate - Multiple Spring Data modules found, entering strict repository configuration mode
2025-05-17 00:34:31.259 [main] INFO  o.s.d.r.c.RepositoryConfigurationDelegate - Bootstrapping Spring Data JPA repositories in DEFAULT mode.
2025-05-17 00:34:31.303 [main] INFO  o.s.d.r.c.RepositoryConfigurationDelegate - Finished Spring Data repository scanning in 28 ms. Found 0 JPA repository interfaces.
2025-05-17 00:34:31.341 [main] INFO  o.s.d.r.c.RepositoryConfigurationDelegate - Multiple Spring Data modules found, entering strict repository configuration mode
2025-05-17 00:34:31.343 [main] INFO  o.s.d.r.c.RepositoryConfigurationDelegate - Bootstrapping Spring Data Redis repositories in DEFAULT mode.
2025-05-17 00:34:31.369 [main] INFO  o.s.d.r.c.RepositoryConfigurationDelegate - Finished Spring Data repository scanning in 7 ms. Found 0 Redis repository interfaces.
2025-05-17 00:34:31.803 [main] INFO  o.s.cloud.context.scope.GenericScope - BeanFactory id=92ce2462-3227-32da-8ca3-afc3b1dc2238
2025-05-17 00:34:32.525 [main] WARN  o.s.c.s.PostProcessorRegistrationDelegate$BeanPostProcessorChecker - Bean 'org.springframework.cloud.client.loadbalancer.LoadBalancerAutoConfiguration$DeferringLoadBalancerInterceptorConfig' of type [org.springframework.cloud.client.loadbalancer.LoadBalancerAutoConfiguration$DeferringLoadBalancerInterceptorConfig] is not eligible for getting processed by all BeanPostProcessors (for example: not eligible for auto-proxying). The currently created BeanPostProcessor [lbRestClientPostProcessor] is declared through a non-static factory method on that class; consider declaring it as static instead.
2025-05-17 00:34:32.529 [main] WARN  o.s.c.s.PostProcessorRegistrationDelegate$BeanPostProcessorChecker - Bean 'deferringLoadBalancerInterceptor' of type [org.springframework.cloud.client.loadbalancer.DeferringLoadBalancerInterceptor] is not eligible for getting processed by all BeanPostProcessors (for example: not eligible for auto-proxying). Is this bean getting eagerly injected into a currently created BeanPostProcessor [lbRestClientPostProcessor]? Check the corresponding BeanPostProcessor declaration and its dependencies.
2025-05-17 00:34:32.550 [main] INFO  c.a.d.s.b.a.DruidDataSourceAutoConfigure - Init DruidDataSource
2025-05-17 00:34:33.048 [main] INFO  c.alibaba.druid.pool.DruidDataSource - {dataSource-1} inited
2025-05-17 00:34:33.664 [main] INFO  o.h.jpa.internal.util.LogHelper - HHH000204: Processing PersistenceUnitInfo [name: default]
2025-05-17 00:34:33.791 [main] INFO  org.hibernate.Version - HHH000412: Hibernate ORM core version 6.5.3.Final
2025-05-17 00:34:33.858 [main] INFO  o.h.c.i.RegionFactoryInitiator - HHH000026: Second-level cache disabled
2025-05-17 00:34:34.493 [main] INFO  o.s.o.j.p.SpringPersistenceUnitInfo - No LoadTimeWeaver setup: ignoring JPA class transformer
2025-05-17 00:34:34.629 [main] WARN  org.hibernate.dialect.Dialect - HHH000511: The 5.7.44 version for [org.hibernate.dialect.MySQLDialect] is no longer supported, hence certain features may not work properly. The minimum supported version is 8.0.0. Check the community dialects project for available legacy versions.
2025-05-17 00:34:35.155 [main] INFO  o.h.e.t.j.p.i.JtaPlatformInitiator - HHH000489: No JTA platform available (set 'hibernate.transaction.jta.platform' to enable JTA platform integration)
2025-05-17 00:34:35.175 [main] INFO  o.s.o.j.LocalContainerEntityManagerFactoryBean - Initialized JPA EntityManagerFactory for persistence unit 'default'
2025-05-17 00:34:35.529 [main] WARN  c.b.m.core.metadata.TableInfoHelper - Can not find table primary key in Class: "com.stephenhu.bipennis.model.PO.authservice.SpareEmailPO".
2025-05-17 00:34:35.538 [main] WARN  c.b.m.c.injector.DefaultSqlInjector - class com.stephenhu.bipennis.model.PO.authservice.SpareEmailPO ,Not found @TableId annotation, Cannot use Mybatis-Plus 'xxById' Method.
2025-05-17 00:34:35.644 [main] WARN  c.b.m.core.metadata.TableInfoHelper - Can not find table primary key in Class: "com.stephenhu.bipennis.model.PO.authservice.UserPO".
2025-05-17 00:34:35.644 [main] WARN  c.b.m.c.injector.DefaultSqlInjector - class com.stephenhu.bipennis.model.PO.authservice.UserPO ,Not found @TableId annotation, Cannot use Mybatis-Plus 'xxById' Method.
2025-05-17 00:34:36.255 [main] WARN  o.s.b.a.o.j.JpaBaseConfiguration$JpaWebConfiguration - spring.jpa.open-in-view is enabled by default. Therefore, database queries may be performed during view rendering. Explicitly configure spring.jpa.open-in-view to disable this warning
2025-05-17 00:34:38.148 [main] WARN  o.s.c.l.c.LoadBalancerCacheAutoConfiguration$LoadBalancerCaffeineWarnLogger - Spring Cloud LoadBalancer is currently working with the default cache. While this cache implementation is useful for development and tests, it's recommended to use Caffeine cache in production.You can switch to using Caffeine cache, by adding it and org.springframework.cache.caffeine.CaffeineCacheManager to the classpath.
2025-05-17 00:34:38.269 [main] INFO  c.s.b.a.service.TestService - Started TestService in 9.742 seconds (process running for 11.751)
2025-05-17 00:34:39.380 [main] WARN  c.s.b.a.d.i.SpareEmailCrudRepositoryImpl - Invalid account parameter: s
2025-05-17 00:34:39.424 [Thread-2] WARN  c.a.n.c.executor.ThreadPoolManager - [ThreadPoolManager] Start destroying ThreadPool
2025-05-17 00:34:39.426 [Thread-2] WARN  c.a.n.c.executor.ThreadPoolManager - [ThreadPoolManager] Destruction of the end
2025-05-17 00:34:39.464 [SpringApplicationShutdownHook] INFO  o.s.o.j.LocalContainerEntityManagerFactoryBean - Closing JPA EntityManagerFactory for persistence unit 'default'
2025-05-17 00:34:39.468 [SpringApplicationShutdownHook] INFO  c.alibaba.druid.pool.DruidDataSource - {dataSource-1} closing ...
2025-05-17 00:34:39.479 [SpringApplicationShutdownHook] INFO  c.alibaba.druid.pool.DruidDataSource - {dataSource-1} closed
2025-05-17 00:36:51.763 [main] INFO  c.a.n.client.logging.NacosLogging - Nacos Logging Adapter Builder: com.alibaba.nacos.logger.adapter.logback12.LogbackNacosLoggingAdapterBuilder
2025-05-17 00:36:51.769 [main] INFO  c.a.n.client.logging.NacosLogging - Nacos Logging Adapter Builder: com.alibaba.nacos.logger.adapter.logback14.LogbackNacosLoggingAdapterBuilder
2025-05-17 00:36:51.770 [main] INFO  c.a.n.client.logging.NacosLogging - Nacos Logging Adapter: com.alibaba.nacos.logger.adapter.logback14.LogbackNacosLoggingAdapter match ch.qos.logback.classic.Logger success.
2025-05-17 00:36:51.780 [main] INFO  c.a.n.client.logging.NacosLogging - Nacos Logging Adapter Builder: com.alibaba.nacos.logger.adapter.log4j2.Log4j2NacosLoggingAdapterBuilder
2025-05-17 00:36:51.999 [main] INFO  c.s.b.a.service.TestService - Starting TestService using Java 23.0.1 with PID 29608 (started by Stephen Hu in D:\Stephen Hu\Desktop\Bipennis\BackEnd\Bipennis-BackEnd\services\auth-service)
2025-05-17 00:36:52.001 [main] INFO  c.s.b.a.service.TestService - The following 1 profile is active: "dev"
2025-05-17 00:36:53.608 [main] INFO  o.s.d.r.c.RepositoryConfigurationDelegate - Multiple Spring Data modules found, entering strict repository configuration mode
2025-05-17 00:36:53.611 [main] INFO  o.s.d.r.c.RepositoryConfigurationDelegate - Bootstrapping Spring Data JPA repositories in DEFAULT mode.
2025-05-17 00:36:53.660 [main] INFO  o.s.d.r.c.RepositoryConfigurationDelegate - Finished Spring Data repository scanning in 30 ms. Found 0 JPA repository interfaces.
2025-05-17 00:36:53.696 [main] INFO  o.s.d.r.c.RepositoryConfigurationDelegate - Multiple Spring Data modules found, entering strict repository configuration mode
2025-05-17 00:36:53.698 [main] INFO  o.s.d.r.c.RepositoryConfigurationDelegate - Bootstrapping Spring Data Redis repositories in DEFAULT mode.
2025-05-17 00:36:53.719 [main] INFO  o.s.d.r.c.RepositoryConfigurationDelegate - Finished Spring Data repository scanning in 7 ms. Found 0 Redis repository interfaces.
2025-05-17 00:36:54.153 [main] INFO  o.s.cloud.context.scope.GenericScope - BeanFactory id=92ce2462-3227-32da-8ca3-afc3b1dc2238
2025-05-17 00:36:54.844 [main] WARN  o.s.c.s.PostProcessorRegistrationDelegate$BeanPostProcessorChecker - Bean 'org.springframework.cloud.client.loadbalancer.LoadBalancerAutoConfiguration$DeferringLoadBalancerInterceptorConfig' of type [org.springframework.cloud.client.loadbalancer.LoadBalancerAutoConfiguration$DeferringLoadBalancerInterceptorConfig] is not eligible for getting processed by all BeanPostProcessors (for example: not eligible for auto-proxying). The currently created BeanPostProcessor [lbRestClientPostProcessor] is declared through a non-static factory method on that class; consider declaring it as static instead.
2025-05-17 00:36:54.850 [main] WARN  o.s.c.s.PostProcessorRegistrationDelegate$BeanPostProcessorChecker - Bean 'deferringLoadBalancerInterceptor' of type [org.springframework.cloud.client.loadbalancer.DeferringLoadBalancerInterceptor] is not eligible for getting processed by all BeanPostProcessors (for example: not eligible for auto-proxying). Is this bean getting eagerly injected into a currently created BeanPostProcessor [lbRestClientPostProcessor]? Check the corresponding BeanPostProcessor declaration and its dependencies.
2025-05-17 00:36:54.866 [main] INFO  c.a.d.s.b.a.DruidDataSourceAutoConfigure - Init DruidDataSource
2025-05-17 00:36:55.343 [main] INFO  c.alibaba.druid.pool.DruidDataSource - {dataSource-1} inited
2025-05-17 00:36:55.919 [main] INFO  o.h.jpa.internal.util.LogHelper - HHH000204: Processing PersistenceUnitInfo [name: default]
2025-05-17 00:36:56.041 [main] INFO  org.hibernate.Version - HHH000412: Hibernate ORM core version 6.5.3.Final
2025-05-17 00:36:56.109 [main] INFO  o.h.c.i.RegionFactoryInitiator - HHH000026: Second-level cache disabled
2025-05-17 00:36:56.748 [main] INFO  o.s.o.j.p.SpringPersistenceUnitInfo - No LoadTimeWeaver setup: ignoring JPA class transformer
2025-05-17 00:36:56.868 [main] WARN  org.hibernate.dialect.Dialect - HHH000511: The 5.7.44 version for [org.hibernate.dialect.MySQLDialect] is no longer supported, hence certain features may not work properly. The minimum supported version is 8.0.0. Check the community dialects project for available legacy versions.
2025-05-17 00:36:57.412 [main] INFO  o.h.e.t.j.p.i.JtaPlatformInitiator - HHH000489: No JTA platform available (set 'hibernate.transaction.jta.platform' to enable JTA platform integration)
2025-05-17 00:36:57.421 [main] INFO  o.s.o.j.LocalContainerEntityManagerFactoryBean - Initialized JPA EntityManagerFactory for persistence unit 'default'
2025-05-17 00:36:57.819 [main] WARN  c.b.m.core.metadata.TableInfoHelper - Can not find table primary key in Class: "com.stephenhu.bipennis.model.PO.authservice.SpareEmailPO".
2025-05-17 00:36:57.830 [main] WARN  c.b.m.c.injector.DefaultSqlInjector - class com.stephenhu.bipennis.model.PO.authservice.SpareEmailPO ,Not found @TableId annotation, Cannot use Mybatis-Plus 'xxById' Method.
2025-05-17 00:36:57.927 [main] WARN  c.b.m.core.metadata.TableInfoHelper - Can not find table primary key in Class: "com.stephenhu.bipennis.model.PO.authservice.UserPO".
2025-05-17 00:36:57.928 [main] WARN  c.b.m.c.injector.DefaultSqlInjector - class com.stephenhu.bipennis.model.PO.authservice.UserPO ,Not found @TableId annotation, Cannot use Mybatis-Plus 'xxById' Method.
2025-05-17 00:36:58.587 [main] WARN  o.s.b.a.o.j.JpaBaseConfiguration$JpaWebConfiguration - spring.jpa.open-in-view is enabled by default. Therefore, database queries may be performed during view rendering. Explicitly configure spring.jpa.open-in-view to disable this warning
2025-05-17 00:37:00.492 [main] WARN  o.s.c.l.c.LoadBalancerCacheAutoConfiguration$LoadBalancerCaffeineWarnLogger - Spring Cloud LoadBalancer is currently working with the default cache. While this cache implementation is useful for development and tests, it's recommended to use Caffeine cache in production.You can switch to using Caffeine cache, by adding it and org.springframework.cache.caffeine.CaffeineCacheManager to the classpath.
2025-05-17 00:37:00.589 [main] INFO  c.s.b.a.service.TestService - Started TestService in 9.658 seconds (process running for 11.655)
2025-05-17 00:37:01.646 [main] WARN  c.s.b.a.d.i.SpareEmailCrudRepositoryImpl - Invalid account parameter: s
2025-05-17 00:37:01.687 [Thread-2] WARN  c.a.n.c.executor.ThreadPoolManager - [ThreadPoolManager] Start destroying ThreadPool
2025-05-17 00:37:01.687 [Thread-2] WARN  c.a.n.c.executor.ThreadPoolManager - [ThreadPoolManager] Destruction of the end
2025-05-17 00:37:01.721 [SpringApplicationShutdownHook] INFO  o.s.o.j.LocalContainerEntityManagerFactoryBean - Closing JPA EntityManagerFactory for persistence unit 'default'
2025-05-17 00:37:01.726 [SpringApplicationShutdownHook] INFO  c.alibaba.druid.pool.DruidDataSource - {dataSource-1} closing ...
2025-05-17 00:37:01.735 [SpringApplicationShutdownHook] INFO  c.alibaba.druid.pool.DruidDataSource - {dataSource-1} closed
2025-05-17 00:42:12.190 [main] INFO  c.a.n.client.logging.NacosLogging - Nacos Logging Adapter Builder: com.alibaba.nacos.logger.adapter.logback12.LogbackNacosLoggingAdapterBuilder
2025-05-17 00:42:12.196 [main] INFO  c.a.n.client.logging.NacosLogging - Nacos Logging Adapter Builder: com.alibaba.nacos.logger.adapter.logback14.LogbackNacosLoggingAdapterBuilder
2025-05-17 00:42:12.197 [main] INFO  c.a.n.client.logging.NacosLogging - Nacos Logging Adapter: com.alibaba.nacos.logger.adapter.logback14.LogbackNacosLoggingAdapter match ch.qos.logback.classic.Logger success.
2025-05-17 00:42:12.207 [main] INFO  c.a.n.client.logging.NacosLogging - Nacos Logging Adapter Builder: com.alibaba.nacos.logger.adapter.log4j2.Log4j2NacosLoggingAdapterBuilder
2025-05-17 00:42:12.428 [main] INFO  c.s.b.a.service.TestService - Starting TestService using Java 23.0.1 with PID 18336 (started by Stephen Hu in D:\Stephen Hu\Desktop\Bipennis\BackEnd\Bipennis-BackEnd\services\auth-service)
2025-05-17 00:42:12.430 [main] INFO  c.s.b.a.service.TestService - The following 1 profile is active: "dev"
2025-05-17 00:42:14.097 [main] INFO  o.s.d.r.c.RepositoryConfigurationDelegate - Multiple Spring Data modules found, entering strict repository configuration mode
2025-05-17 00:42:14.100 [main] INFO  o.s.d.r.c.RepositoryConfigurationDelegate - Bootstrapping Spring Data JPA repositories in DEFAULT mode.
2025-05-17 00:42:14.145 [main] INFO  o.s.d.r.c.RepositoryConfigurationDelegate - Finished Spring Data repository scanning in 29 ms. Found 0 JPA repository interfaces.
2025-05-17 00:42:14.186 [main] INFO  o.s.d.r.c.RepositoryConfigurationDelegate - Multiple Spring Data modules found, entering strict repository configuration mode
2025-05-17 00:42:14.188 [main] INFO  o.s.d.r.c.RepositoryConfigurationDelegate - Bootstrapping Spring Data Redis repositories in DEFAULT mode.
2025-05-17 00:42:14.207 [main] INFO  o.s.d.r.c.RepositoryConfigurationDelegate - Finished Spring Data repository scanning in 6 ms. Found 0 Redis repository interfaces.
2025-05-17 00:42:14.657 [main] INFO  o.s.cloud.context.scope.GenericScope - BeanFactory id=92ce2462-3227-32da-8ca3-afc3b1dc2238
2025-05-17 00:42:15.348 [main] WARN  o.s.c.s.PostProcessorRegistrationDelegate$BeanPostProcessorChecker - Bean 'org.springframework.cloud.client.loadbalancer.LoadBalancerAutoConfiguration$DeferringLoadBalancerInterceptorConfig' of type [org.springframework.cloud.client.loadbalancer.LoadBalancerAutoConfiguration$DeferringLoadBalancerInterceptorConfig] is not eligible for getting processed by all BeanPostProcessors (for example: not eligible for auto-proxying). The currently created BeanPostProcessor [lbRestClientPostProcessor] is declared through a non-static factory method on that class; consider declaring it as static instead.
2025-05-17 00:42:15.355 [main] WARN  o.s.c.s.PostProcessorRegistrationDelegate$BeanPostProcessorChecker - Bean 'deferringLoadBalancerInterceptor' of type [org.springframework.cloud.client.loadbalancer.DeferringLoadBalancerInterceptor] is not eligible for getting processed by all BeanPostProcessors (for example: not eligible for auto-proxying). Is this bean getting eagerly injected into a currently created BeanPostProcessor [lbRestClientPostProcessor]? Check the corresponding BeanPostProcessor declaration and its dependencies.
2025-05-17 00:42:15.373 [main] INFO  c.a.d.s.b.a.DruidDataSourceAutoConfigure - Init DruidDataSource
2025-05-17 00:42:15.865 [main] INFO  c.alibaba.druid.pool.DruidDataSource - {dataSource-1} inited
2025-05-17 00:42:16.491 [main] INFO  o.h.jpa.internal.util.LogHelper - HHH000204: Processing PersistenceUnitInfo [name: default]
2025-05-17 00:42:16.635 [main] INFO  org.hibernate.Version - HHH000412: Hibernate ORM core version 6.5.3.Final
2025-05-17 00:42:16.705 [main] INFO  o.h.c.i.RegionFactoryInitiator - HHH000026: Second-level cache disabled
2025-05-17 00:42:17.328 [main] INFO  o.s.o.j.p.SpringPersistenceUnitInfo - No LoadTimeWeaver setup: ignoring JPA class transformer
2025-05-17 00:42:17.451 [main] WARN  org.hibernate.dialect.Dialect - HHH000511: The 5.7.44 version for [org.hibernate.dialect.MySQLDialect] is no longer supported, hence certain features may not work properly. The minimum supported version is 8.0.0. Check the community dialects project for available legacy versions.
2025-05-17 00:42:17.996 [main] INFO  o.h.e.t.j.p.i.JtaPlatformInitiator - HHH000489: No JTA platform available (set 'hibernate.transaction.jta.platform' to enable JTA platform integration)
2025-05-17 00:42:18.008 [main] INFO  o.s.o.j.LocalContainerEntityManagerFactoryBean - Initialized JPA EntityManagerFactory for persistence unit 'default'
2025-05-17 00:42:18.436 [main] WARN  c.b.m.core.metadata.TableInfoHelper - Can not find table primary key in Class: "com.stephenhu.bipennis.model.PO.authservice.SpareEmailPO".
2025-05-17 00:42:18.452 [main] WARN  c.b.m.c.injector.DefaultSqlInjector - class com.stephenhu.bipennis.model.PO.authservice.SpareEmailPO ,Not found @TableId annotation, Cannot use Mybatis-Plus 'xxById' Method.
2025-05-17 00:42:18.562 [main] WARN  c.b.m.core.metadata.TableInfoHelper - Can not find table primary key in Class: "com.stephenhu.bipennis.model.PO.authservice.UserPO".
2025-05-17 00:42:18.562 [main] WARN  c.b.m.c.injector.DefaultSqlInjector - class com.stephenhu.bipennis.model.PO.authservice.UserPO ,Not found @TableId annotation, Cannot use Mybatis-Plus 'xxById' Method.
2025-05-17 00:42:19.185 [main] WARN  o.s.b.a.o.j.JpaBaseConfiguration$JpaWebConfiguration - spring.jpa.open-in-view is enabled by default. Therefore, database queries may be performed during view rendering. Explicitly configure spring.jpa.open-in-view to disable this warning
2025-05-17 00:42:21.198 [main] WARN  o.s.c.l.c.LoadBalancerCacheAutoConfiguration$LoadBalancerCaffeineWarnLogger - Spring Cloud LoadBalancer is currently working with the default cache. While this cache implementation is useful for development and tests, it's recommended to use Caffeine cache in production.You can switch to using Caffeine cache, by adding it and org.springframework.cache.caffeine.CaffeineCacheManager to the classpath.
2025-05-17 00:42:21.290 [main] INFO  c.s.b.a.service.TestService - Started TestService in 9.947 seconds (process running for 12.474)
2025-05-17 00:42:22.363 [main] WARN  c.s.b.a.d.i.SpareEmailCrudRepositoryImpl - Invalid account parameter: s
2025-05-17 00:42:22.402 [Thread-2] WARN  c.a.n.c.executor.ThreadPoolManager - [ThreadPoolManager] Start destroying ThreadPool
2025-05-17 00:42:22.403 [Thread-2] WARN  c.a.n.c.executor.ThreadPoolManager - [ThreadPoolManager] Destruction of the end
2025-05-17 00:42:22.437 [SpringApplicationShutdownHook] INFO  o.s.o.j.LocalContainerEntityManagerFactoryBean - Closing JPA EntityManagerFactory for persistence unit 'default'
2025-05-17 00:42:22.442 [SpringApplicationShutdownHook] INFO  c.alibaba.druid.pool.DruidDataSource - {dataSource-1} closing ...
2025-05-17 00:42:22.463 [SpringApplicationShutdownHook] INFO  c.alibaba.druid.pool.DruidDataSource - {dataSource-1} closed
2025-05-17 00:44:58.708 [main] INFO  c.a.n.client.logging.NacosLogging - Nacos Logging Adapter Builder: com.alibaba.nacos.logger.adapter.logback12.LogbackNacosLoggingAdapterBuilder
2025-05-17 00:44:58.712 [main] INFO  c.a.n.client.logging.NacosLogging - Nacos Logging Adapter Builder: com.alibaba.nacos.logger.adapter.logback14.LogbackNacosLoggingAdapterBuilder
2025-05-17 00:44:58.713 [main] INFO  c.a.n.client.logging.NacosLogging - Nacos Logging Adapter: com.alibaba.nacos.logger.adapter.logback14.LogbackNacosLoggingAdapter match ch.qos.logback.classic.Logger success.
2025-05-17 00:44:58.725 [main] INFO  c.a.n.client.logging.NacosLogging - Nacos Logging Adapter Builder: com.alibaba.nacos.logger.adapter.log4j2.Log4j2NacosLoggingAdapterBuilder
2025-05-17 00:44:58.938 [main] INFO  c.s.b.a.service.TestService - Starting TestService using Java 23.0.1 with PID 1140 (started by Stephen Hu in D:\Stephen Hu\Desktop\Bipennis\BackEnd\Bipennis-BackEnd\services\auth-service)
2025-05-17 00:44:58.939 [main] INFO  c.s.b.a.service.TestService - The following 1 profile is active: "dev"
2025-05-17 00:45:00.554 [main] INFO  o.s.d.r.c.RepositoryConfigurationDelegate - Multiple Spring Data modules found, entering strict repository configuration mode
2025-05-17 00:45:00.557 [main] INFO  o.s.d.r.c.RepositoryConfigurationDelegate - Bootstrapping Spring Data JPA repositories in DEFAULT mode.
2025-05-17 00:45:00.600 [main] INFO  o.s.d.r.c.RepositoryConfigurationDelegate - Finished Spring Data repository scanning in 27 ms. Found 0 JPA repository interfaces.
2025-05-17 00:45:00.636 [main] INFO  o.s.d.r.c.RepositoryConfigurationDelegate - Multiple Spring Data modules found, entering strict repository configuration mode
2025-05-17 00:45:00.638 [main] INFO  o.s.d.r.c.RepositoryConfigurationDelegate - Bootstrapping Spring Data Redis repositories in DEFAULT mode.
2025-05-17 00:45:00.662 [main] INFO  o.s.d.r.c.RepositoryConfigurationDelegate - Finished Spring Data repository scanning in 7 ms. Found 0 Redis repository interfaces.
2025-05-17 00:45:01.122 [main] INFO  o.s.cloud.context.scope.GenericScope - BeanFactory id=92ce2462-3227-32da-8ca3-afc3b1dc2238
2025-05-17 00:45:01.796 [main] WARN  o.s.c.s.PostProcessorRegistrationDelegate$BeanPostProcessorChecker - Bean 'org.springframework.cloud.client.loadbalancer.LoadBalancerAutoConfiguration$DeferringLoadBalancerInterceptorConfig' of type [org.springframework.cloud.client.loadbalancer.LoadBalancerAutoConfiguration$DeferringLoadBalancerInterceptorConfig] is not eligible for getting processed by all BeanPostProcessors (for example: not eligible for auto-proxying). The currently created BeanPostProcessor [lbRestClientPostProcessor] is declared through a non-static factory method on that class; consider declaring it as static instead.
2025-05-17 00:45:01.801 [main] WARN  o.s.c.s.PostProcessorRegistrationDelegate$BeanPostProcessorChecker - Bean 'deferringLoadBalancerInterceptor' of type [org.springframework.cloud.client.loadbalancer.DeferringLoadBalancerInterceptor] is not eligible for getting processed by all BeanPostProcessors (for example: not eligible for auto-proxying). Is this bean getting eagerly injected into a currently created BeanPostProcessor [lbRestClientPostProcessor]? Check the corresponding BeanPostProcessor declaration and its dependencies.
2025-05-17 00:45:01.821 [main] INFO  c.a.d.s.b.a.DruidDataSourceAutoConfigure - Init DruidDataSource
2025-05-17 00:45:02.316 [main] INFO  c.alibaba.druid.pool.DruidDataSource - {dataSource-1} inited
2025-05-17 00:45:02.942 [main] INFO  o.h.jpa.internal.util.LogHelper - HHH000204: Processing PersistenceUnitInfo [name: default]
2025-05-17 00:45:03.084 [main] INFO  org.hibernate.Version - HHH000412: Hibernate ORM core version 6.5.3.Final
2025-05-17 00:45:03.154 [main] INFO  o.h.c.i.RegionFactoryInitiator - HHH000026: Second-level cache disabled
2025-05-17 00:45:03.759 [main] INFO  o.s.o.j.p.SpringPersistenceUnitInfo - No LoadTimeWeaver setup: ignoring JPA class transformer
2025-05-17 00:45:03.883 [main] WARN  org.hibernate.dialect.Dialect - HHH000511: The 5.7.44 version for [org.hibernate.dialect.MySQLDialect] is no longer supported, hence certain features may not work properly. The minimum supported version is 8.0.0. Check the community dialects project for available legacy versions.
2025-05-17 00:45:04.440 [main] INFO  o.h.e.t.j.p.i.JtaPlatformInitiator - HHH000489: No JTA platform available (set 'hibernate.transaction.jta.platform' to enable JTA platform integration)
2025-05-17 00:45:04.450 [main] INFO  o.s.o.j.LocalContainerEntityManagerFactoryBean - Initialized JPA EntityManagerFactory for persistence unit 'default'
2025-05-17 00:45:04.868 [main] WARN  c.b.m.core.metadata.TableInfoHelper - Can not find table primary key in Class: "com.stephenhu.bipennis.model.PO.authservice.SpareEmailPO".
2025-05-17 00:45:04.878 [main] WARN  c.b.m.c.injector.DefaultSqlInjector - class com.stephenhu.bipennis.model.PO.authservice.SpareEmailPO ,Not found @TableId annotation, Cannot use Mybatis-Plus 'xxById' Method.
2025-05-17 00:45:04.976 [main] WARN  c.b.m.core.metadata.TableInfoHelper - Can not find table primary key in Class: "com.stephenhu.bipennis.model.PO.authservice.UserPO".
2025-05-17 00:45:04.976 [main] WARN  c.b.m.c.injector.DefaultSqlInjector - class com.stephenhu.bipennis.model.PO.authservice.UserPO ,Not found @TableId annotation, Cannot use Mybatis-Plus 'xxById' Method.
2025-05-17 00:45:05.603 [main] WARN  o.s.b.a.o.j.JpaBaseConfiguration$JpaWebConfiguration - spring.jpa.open-in-view is enabled by default. Therefore, database queries may be performed during view rendering. Explicitly configure spring.jpa.open-in-view to disable this warning
2025-05-17 00:45:07.647 [main] WARN  o.s.c.l.c.LoadBalancerCacheAutoConfiguration$LoadBalancerCaffeineWarnLogger - Spring Cloud LoadBalancer is currently working with the default cache. While this cache implementation is useful for development and tests, it's recommended to use Caffeine cache in production.You can switch to using Caffeine cache, by adding it and org.springframework.cache.caffeine.CaffeineCacheManager to the classpath.
2025-05-17 00:45:07.747 [main] INFO  c.s.b.a.service.TestService - Started TestService in 9.866 seconds (process running for 11.865)
2025-05-17 00:45:08.807 [main] ERROR c.s.b.a.d.i.SpareEmailCrudRepositoryImpl - Business error during login: Code=13, Message=Internal server error, Location=AuthServiceImpl.login
2025-05-17 00:45:08.845 [Thread-2] WARN  c.a.n.c.executor.ThreadPoolManager - [ThreadPoolManager] Start destroying ThreadPool
2025-05-17 00:45:08.846 [Thread-2] WARN  c.a.n.c.executor.ThreadPoolManager - [ThreadPoolManager] Destruction of the end
2025-05-17 00:45:08.887 [SpringApplicationShutdownHook] INFO  o.s.o.j.LocalContainerEntityManagerFactoryBean - Closing JPA EntityManagerFactory for persistence unit 'default'
2025-05-17 00:45:08.891 [SpringApplicationShutdownHook] INFO  c.alibaba.druid.pool.DruidDataSource - {dataSource-1} closing ...
2025-05-17 00:45:08.902 [SpringApplicationShutdownHook] INFO  c.alibaba.druid.pool.DruidDataSource - {dataSource-1} closed
2025-05-17 00:46:01.376 [main] INFO  c.a.n.client.logging.NacosLogging - Nacos Logging Adapter Builder: com.alibaba.nacos.logger.adapter.logback12.LogbackNacosLoggingAdapterBuilder
2025-05-17 00:46:01.388 [main] INFO  c.a.n.client.logging.NacosLogging - Nacos Logging Adapter Builder: com.alibaba.nacos.logger.adapter.logback14.LogbackNacosLoggingAdapterBuilder
2025-05-17 00:46:01.389 [main] INFO  c.a.n.client.logging.NacosLogging - Nacos Logging Adapter: com.alibaba.nacos.logger.adapter.logback14.LogbackNacosLoggingAdapter match ch.qos.logback.classic.Logger success.
2025-05-17 00:46:01.400 [main] INFO  c.a.n.client.logging.NacosLogging - Nacos Logging Adapter Builder: com.alibaba.nacos.logger.adapter.log4j2.Log4j2NacosLoggingAdapterBuilder
2025-05-17 00:46:01.605 [main] INFO  c.s.b.a.service.TestService - Starting TestService using Java 23.0.1 with PID 9768 (started by Stephen Hu in D:\Stephen Hu\Desktop\Bipennis\BackEnd\Bipennis-BackEnd\services\auth-service)
2025-05-17 00:46:01.606 [main] INFO  c.s.b.a.service.TestService - The following 1 profile is active: "dev"
2025-05-17 00:46:03.209 [main] INFO  o.s.d.r.c.RepositoryConfigurationDelegate - Multiple Spring Data modules found, entering strict repository configuration mode
2025-05-17 00:46:03.213 [main] INFO  o.s.d.r.c.RepositoryConfigurationDelegate - Bootstrapping Spring Data JPA repositories in DEFAULT mode.
2025-05-17 00:46:03.254 [main] INFO  o.s.d.r.c.RepositoryConfigurationDelegate - Finished Spring Data repository scanning in 26 ms. Found 0 JPA repository interfaces.
2025-05-17 00:46:03.292 [main] INFO  o.s.d.r.c.RepositoryConfigurationDelegate - Multiple Spring Data modules found, entering strict repository configuration mode
2025-05-17 00:46:03.293 [main] INFO  o.s.d.r.c.RepositoryConfigurationDelegate - Bootstrapping Spring Data Redis repositories in DEFAULT mode.
2025-05-17 00:46:03.312 [main] INFO  o.s.d.r.c.RepositoryConfigurationDelegate - Finished Spring Data repository scanning in 6 ms. Found 0 Redis repository interfaces.
2025-05-17 00:46:03.727 [main] INFO  o.s.cloud.context.scope.GenericScope - BeanFactory id=92ce2462-3227-32da-8ca3-afc3b1dc2238
2025-05-17 00:46:04.412 [main] WARN  o.s.c.s.PostProcessorRegistrationDelegate$BeanPostProcessorChecker - Bean 'org.springframework.cloud.client.loadbalancer.LoadBalancerAutoConfiguration$DeferringLoadBalancerInterceptorConfig' of type [org.springframework.cloud.client.loadbalancer.LoadBalancerAutoConfiguration$DeferringLoadBalancerInterceptorConfig] is not eligible for getting processed by all BeanPostProcessors (for example: not eligible for auto-proxying). The currently created BeanPostProcessor [lbRestClientPostProcessor] is declared through a non-static factory method on that class; consider declaring it as static instead.
2025-05-17 00:46:04.417 [main] WARN  o.s.c.s.PostProcessorRegistrationDelegate$BeanPostProcessorChecker - Bean 'deferringLoadBalancerInterceptor' of type [org.springframework.cloud.client.loadbalancer.DeferringLoadBalancerInterceptor] is not eligible for getting processed by all BeanPostProcessors (for example: not eligible for auto-proxying). Is this bean getting eagerly injected into a currently created BeanPostProcessor [lbRestClientPostProcessor]? Check the corresponding BeanPostProcessor declaration and its dependencies.
2025-05-17 00:46:04.436 [main] INFO  c.a.d.s.b.a.DruidDataSourceAutoConfigure - Init DruidDataSource
2025-05-17 00:46:05.062 [main] INFO  c.alibaba.druid.pool.DruidDataSource - {dataSource-1} inited
2025-05-17 00:46:05.669 [main] INFO  o.h.jpa.internal.util.LogHelper - HHH000204: Processing PersistenceUnitInfo [name: default]
2025-05-17 00:46:05.796 [main] INFO  org.hibernate.Version - HHH000412: Hibernate ORM core version 6.5.3.Final
2025-05-17 00:46:05.865 [main] INFO  o.h.c.i.RegionFactoryInitiator - HHH000026: Second-level cache disabled
2025-05-17 00:46:06.503 [main] INFO  o.s.o.j.p.SpringPersistenceUnitInfo - No LoadTimeWeaver setup: ignoring JPA class transformer
2025-05-17 00:46:06.627 [main] WARN  org.hibernate.dialect.Dialect - HHH000511: The 5.7.44 version for [org.hibernate.dialect.MySQLDialect] is no longer supported, hence certain features may not work properly. The minimum supported version is 8.0.0. Check the community dialects project for available legacy versions.
2025-05-17 00:46:07.175 [main] INFO  o.h.e.t.j.p.i.JtaPlatformInitiator - HHH000489: No JTA platform available (set 'hibernate.transaction.jta.platform' to enable JTA platform integration)
2025-05-17 00:46:07.184 [main] INFO  o.s.o.j.LocalContainerEntityManagerFactoryBean - Initialized JPA EntityManagerFactory for persistence unit 'default'
2025-05-17 00:46:07.590 [main] WARN  c.b.m.core.metadata.TableInfoHelper - Can not find table primary key in Class: "com.stephenhu.bipennis.model.PO.authservice.SpareEmailPO".
2025-05-17 00:46:07.608 [main] WARN  c.b.m.c.injector.DefaultSqlInjector - class com.stephenhu.bipennis.model.PO.authservice.SpareEmailPO ,Not found @TableId annotation, Cannot use Mybatis-Plus 'xxById' Method.
2025-05-17 00:46:07.729 [main] WARN  c.b.m.core.metadata.TableInfoHelper - Can not find table primary key in Class: "com.stephenhu.bipennis.model.PO.authservice.UserPO".
2025-05-17 00:46:07.729 [main] WARN  c.b.m.c.injector.DefaultSqlInjector - class com.stephenhu.bipennis.model.PO.authservice.UserPO ,Not found @TableId annotation, Cannot use Mybatis-Plus 'xxById' Method.
2025-05-17 00:46:08.311 [main] WARN  o.s.b.a.o.j.JpaBaseConfiguration$JpaWebConfiguration - spring.jpa.open-in-view is enabled by default. Therefore, database queries may be performed during view rendering. Explicitly configure spring.jpa.open-in-view to disable this warning
2025-05-17 00:46:10.213 [main] WARN  o.s.c.l.c.LoadBalancerCacheAutoConfiguration$LoadBalancerCaffeineWarnLogger - Spring Cloud LoadBalancer is currently working with the default cache. While this cache implementation is useful for development and tests, it's recommended to use Caffeine cache in production.You can switch to using Caffeine cache, by adding it and org.springframework.cache.caffeine.CaffeineCacheManager to the classpath.
2025-05-17 00:46:10.312 [main] INFO  c.s.b.a.service.TestService - Started TestService in 9.766 seconds (process running for 11.81)
2025-05-17 00:46:11.381 [main] WARN  c.s.b.a.d.i.SpareEmailCrudRepositoryImpl - Invalid account parameter: s
2025-05-17 00:46:11.427 [Thread-2] WARN  c.a.n.c.executor.ThreadPoolManager - [ThreadPoolManager] Start destroying ThreadPool
2025-05-17 00:46:11.428 [Thread-2] WARN  c.a.n.c.executor.ThreadPoolManager - [ThreadPoolManager] Destruction of the end
2025-05-17 00:46:11.467 [SpringApplicationShutdownHook] INFO  o.s.o.j.LocalContainerEntityManagerFactoryBean - Closing JPA EntityManagerFactory for persistence unit 'default'
2025-05-17 00:46:11.471 [SpringApplicationShutdownHook] INFO  c.alibaba.druid.pool.DruidDataSource - {dataSource-1} closing ...
2025-05-17 00:46:11.482 [SpringApplicationShutdownHook] INFO  c.alibaba.druid.pool.DruidDataSource - {dataSource-1} closed
2025-05-17 00:48:32.629 [main] INFO  c.a.n.client.logging.NacosLogging - Nacos Logging Adapter Builder: com.alibaba.nacos.logger.adapter.logback12.LogbackNacosLoggingAdapterBuilder
2025-05-17 00:48:32.635 [main] INFO  c.a.n.client.logging.NacosLogging - Nacos Logging Adapter Builder: com.alibaba.nacos.logger.adapter.logback14.LogbackNacosLoggingAdapterBuilder
2025-05-17 00:48:32.637 [main] INFO  c.a.n.client.logging.NacosLogging - Nacos Logging Adapter: com.alibaba.nacos.logger.adapter.logback14.LogbackNacosLoggingAdapter match ch.qos.logback.classic.Logger success.
2025-05-17 00:48:32.649 [main] INFO  c.a.n.client.logging.NacosLogging - Nacos Logging Adapter Builder: com.alibaba.nacos.logger.adapter.log4j2.Log4j2NacosLoggingAdapterBuilder
2025-05-17 00:48:32.854 [main] INFO  c.s.b.a.service.TestService - Starting TestService using Java 23.0.1 with PID 13624 (started by Stephen Hu in D:\Stephen Hu\Desktop\Bipennis\BackEnd\Bipennis-BackEnd\services\auth-service)
2025-05-17 00:48:32.856 [main] INFO  c.s.b.a.service.TestService - The following 1 profile is active: "dev"
2025-05-17 00:48:34.472 [main] INFO  o.s.d.r.c.RepositoryConfigurationDelegate - Multiple Spring Data modules found, entering strict repository configuration mode
2025-05-17 00:48:34.476 [main] INFO  o.s.d.r.c.RepositoryConfigurationDelegate - Bootstrapping Spring Data JPA repositories in DEFAULT mode.
2025-05-17 00:48:34.522 [main] INFO  o.s.d.r.c.RepositoryConfigurationDelegate - Finished Spring Data repository scanning in 29 ms. Found 0 JPA repository interfaces.
2025-05-17 00:48:34.560 [main] INFO  o.s.d.r.c.RepositoryConfigurationDelegate - Multiple Spring Data modules found, entering strict repository configuration mode
2025-05-17 00:48:34.563 [main] INFO  o.s.d.r.c.RepositoryConfigurationDelegate - Bootstrapping Spring Data Redis repositories in DEFAULT mode.
2025-05-17 00:48:34.584 [main] INFO  o.s.d.r.c.RepositoryConfigurationDelegate - Finished Spring Data repository scanning in 7 ms. Found 0 Redis repository interfaces.
2025-05-17 00:48:35.008 [main] INFO  o.s.cloud.context.scope.GenericScope - BeanFactory id=92ce2462-3227-32da-8ca3-afc3b1dc2238
2025-05-17 00:48:35.696 [main] WARN  o.s.c.s.PostProcessorRegistrationDelegate$BeanPostProcessorChecker - Bean 'org.springframework.cloud.client.loadbalancer.LoadBalancerAutoConfiguration$DeferringLoadBalancerInterceptorConfig' of type [org.springframework.cloud.client.loadbalancer.LoadBalancerAutoConfiguration$DeferringLoadBalancerInterceptorConfig] is not eligible for getting processed by all BeanPostProcessors (for example: not eligible for auto-proxying). The currently created BeanPostProcessor [lbRestClientPostProcessor] is declared through a non-static factory method on that class; consider declaring it as static instead.
2025-05-17 00:48:35.701 [main] WARN  o.s.c.s.PostProcessorRegistrationDelegate$BeanPostProcessorChecker - Bean 'deferringLoadBalancerInterceptor' of type [org.springframework.cloud.client.loadbalancer.DeferringLoadBalancerInterceptor] is not eligible for getting processed by all BeanPostProcessors (for example: not eligible for auto-proxying). Is this bean getting eagerly injected into a currently created BeanPostProcessor [lbRestClientPostProcessor]? Check the corresponding BeanPostProcessor declaration and its dependencies.
2025-05-17 00:48:35.722 [main] INFO  c.a.d.s.b.a.DruidDataSourceAutoConfigure - Init DruidDataSource
2025-05-17 00:48:36.258 [main] INFO  c.alibaba.druid.pool.DruidDataSource - {dataSource-1} inited
2025-05-17 00:48:36.818 [main] INFO  o.h.jpa.internal.util.LogHelper - HHH000204: Processing PersistenceUnitInfo [name: default]
2025-05-17 00:48:36.953 [main] INFO  org.hibernate.Version - HHH000412: Hibernate ORM core version 6.5.3.Final
2025-05-17 00:48:37.029 [main] INFO  o.h.c.i.RegionFactoryInitiator - HHH000026: Second-level cache disabled
2025-05-17 00:48:37.715 [main] INFO  o.s.o.j.p.SpringPersistenceUnitInfo - No LoadTimeWeaver setup: ignoring JPA class transformer
2025-05-17 00:48:37.836 [main] WARN  org.hibernate.dialect.Dialect - HHH000511: The 5.7.44 version for [org.hibernate.dialect.MySQLDialect] is no longer supported, hence certain features may not work properly. The minimum supported version is 8.0.0. Check the community dialects project for available legacy versions.
2025-05-17 00:48:38.379 [main] INFO  o.h.e.t.j.p.i.JtaPlatformInitiator - HHH000489: No JTA platform available (set 'hibernate.transaction.jta.platform' to enable JTA platform integration)
2025-05-17 00:48:38.390 [main] INFO  o.s.o.j.LocalContainerEntityManagerFactoryBean - Initialized JPA EntityManagerFactory for persistence unit 'default'
2025-05-17 00:48:38.782 [main] WARN  c.b.m.core.metadata.TableInfoHelper - Can not find table primary key in Class: "com.stephenhu.bipennis.model.PO.authservice.SpareEmailPO".
2025-05-17 00:48:38.794 [main] WARN  c.b.m.c.injector.DefaultSqlInjector - class com.stephenhu.bipennis.model.PO.authservice.SpareEmailPO ,Not found @TableId annotation, Cannot use Mybatis-Plus 'xxById' Method.
2025-05-17 00:48:38.891 [main] WARN  c.b.m.core.metadata.TableInfoHelper - Can not find table primary key in Class: "com.stephenhu.bipennis.model.PO.authservice.UserPO".
2025-05-17 00:48:38.891 [main] WARN  c.b.m.c.injector.DefaultSqlInjector - class com.stephenhu.bipennis.model.PO.authservice.UserPO ,Not found @TableId annotation, Cannot use Mybatis-Plus 'xxById' Method.
2025-05-17 00:48:39.508 [main] WARN  o.s.b.a.o.j.JpaBaseConfiguration$JpaWebConfiguration - spring.jpa.open-in-view is enabled by default. Therefore, database queries may be performed during view rendering. Explicitly configure spring.jpa.open-in-view to disable this warning
2025-05-17 00:48:41.530 [main] WARN  o.s.c.l.c.LoadBalancerCacheAutoConfiguration$LoadBalancerCaffeineWarnLogger - Spring Cloud LoadBalancer is currently working with the default cache. While this cache implementation is useful for development and tests, it's recommended to use Caffeine cache in production.You can switch to using Caffeine cache, by adding it and org.springframework.cache.caffeine.CaffeineCacheManager to the classpath.
2025-05-17 00:48:41.637 [main] INFO  c.s.b.a.service.TestService - Started TestService in 9.838 seconds (process running for 11.815)
2025-05-17 00:48:42.703 [main] WARN  c.s.b.a.d.i.SpareEmailCrudRepositoryImpl - Invalid account parameter: s
2025-05-17 00:48:42.731 [Thread-2] WARN  c.a.n.c.executor.ThreadPoolManager - [ThreadPoolManager] Start destroying ThreadPool
2025-05-17 00:48:42.732 [Thread-2] WARN  c.a.n.c.executor.ThreadPoolManager - [ThreadPoolManager] Destruction of the end
2025-05-17 00:48:42.767 [SpringApplicationShutdownHook] INFO  o.s.o.j.LocalContainerEntityManagerFactoryBean - Closing JPA EntityManagerFactory for persistence unit 'default'
2025-05-17 00:48:42.772 [SpringApplicationShutdownHook] INFO  c.alibaba.druid.pool.DruidDataSource - {dataSource-1} closing ...
2025-05-17 00:48:42.781 [SpringApplicationShutdownHook] INFO  c.alibaba.druid.pool.DruidDataSource - {dataSource-1} closed
